<?xml version="1.0" encoding="UTF-8"?>
<testsuite name="com.test.task.user.RemoveUserTest" tests="1" skipped="0" failures="0" errors="0" timestamp="2022-01-09T12:17:04" hostname="Mac-mini-Daniil.local" time="3.088">
  <properties/>
  <testcase name="test()" classname="com.test.task.user.RemoveUserTest" time="3.088"/>
  <system-out><![CDATA[2022-01-09 15:17:03.998  INFO 51032 --- [    Test worker] .b.t.c.SpringBootTestContextBootstrapper : Neither @ContextConfiguration nor @ContextHierarchy found for test class [com.test.task.user.RemoveUserTest], using SpringBootContextLoader
2022-01-09 15:17:03.999  INFO 51032 --- [    Test worker] o.s.t.c.support.AbstractContextLoader    : Could not detect default resource locations for test class [com.test.task.user.RemoveUserTest]: no resource found for suffixes {-context.xml, Context.groovy}.
2022-01-09 15:17:04.000  INFO 51032 --- [    Test worker] t.c.s.AnnotationConfigContextLoaderUtils : Could not detect default configuration classes for test class [com.test.task.user.RemoveUserTest]: RemoveUserTest does not declare any static, non-private, non-final, nested classes annotated with @Configuration.
2022-01-09 15:17:04.018  INFO 51032 --- [    Test worker] .b.t.c.SpringBootTestContextBootstrapper : Found @SpringBootConfiguration com.test.task.TaskApplication for test class com.test.task.user.RemoveUserTest
2022-01-09 15:17:04.021  INFO 51032 --- [    Test worker] .b.t.c.SpringBootTestContextBootstrapper : Loaded default TestExecutionListener class names from location [META-INF/spring.factories]: [org.springframework.security.test.context.support.WithSecurityContextTestExecutionListener, org.springframework.security.test.context.support.ReactorContextTestExecutionListener, org.springframework.boot.test.autoconfigure.restdocs.RestDocsTestExecutionListener, org.springframework.boot.test.autoconfigure.web.client.MockRestServiceServerResetTestExecutionListener, org.springframework.boot.test.autoconfigure.web.servlet.MockMvcPrintOnlyOnFailureTestExecutionListener, org.springframework.boot.test.autoconfigure.web.servlet.WebDriverTestExecutionListener, org.springframework.boot.test.autoconfigure.webservices.client.MockWebServiceServerTestExecutionListener, org.springframework.boot.test.mock.mockito.MockitoTestExecutionListener, org.springframework.boot.test.mock.mockito.ResetMocksTestExecutionListener, org.springframework.test.context.web.ServletTestExecutionListener, org.springframework.test.context.support.DirtiesContextBeforeModesTestExecutionListener, org.springframework.test.context.event.ApplicationEventsTestExecutionListener, org.springframework.test.context.support.DependencyInjectionTestExecutionListener, org.springframework.test.context.support.DirtiesContextTestExecutionListener, org.springframework.test.context.transaction.TransactionalTestExecutionListener, org.springframework.test.context.jdbc.SqlScriptsTestExecutionListener, org.springframework.test.context.event.EventPublishingTestExecutionListener]
2022-01-09 15:17:04.022  INFO 51032 --- [    Test worker] .b.t.c.SpringBootTestContextBootstrapper : Using TestExecutionListeners: [org.springframework.test.context.web.ServletTestExecutionListener@65d26881, org.springframework.test.context.support.DirtiesContextBeforeModesTestExecutionListener@a2dfad, org.springframework.test.context.event.ApplicationEventsTestExecutionListener@7ffb99da, org.springframework.boot.test.mock.mockito.MockitoTestExecutionListener@14fd1bc, org.springframework.boot.test.autoconfigure.SpringBootDependencyInjectionTestExecutionListener@772f3774, org.springframework.test.context.support.DirtiesContextTestExecutionListener@6166d18b, org.springframework.test.context.transaction.TransactionalTestExecutionListener@4270a134, org.springframework.test.context.jdbc.SqlScriptsTestExecutionListener@3d4d5af7, org.springframework.security.test.context.support.WithSecurityContextTestExecutionListener@33d74ebd, org.springframework.test.context.event.EventPublishingTestExecutionListener@646a3bc5, org.springframework.security.test.context.support.ReactorContextTestExecutionListener@23d45f7d, org.springframework.boot.test.autoconfigure.restdocs.RestDocsTestExecutionListener@74992312, org.springframework.boot.test.autoconfigure.web.client.MockRestServiceServerResetTestExecutionListener@7d32399a, org.springframework.boot.test.autoconfigure.web.servlet.MockMvcPrintOnlyOnFailureTestExecutionListener@483381ea, org.springframework.boot.test.autoconfigure.web.servlet.WebDriverTestExecutionListener@499d1026, org.springframework.boot.test.autoconfigure.webservices.client.MockWebServiceServerTestExecutionListener@74213bb4, org.springframework.boot.test.mock.mockito.ResetMocksTestExecutionListener@18b33243]
2022-01-09 15:17:04.034  INFO 51032 --- [    Test worker] j.LocalContainerEntityManagerFactoryBean : Closing JPA EntityManagerFactory for persistence unit 'default'
2022-01-09 15:17:04.035  INFO 51032 --- [    Test worker] com.zaxxer.hikari.HikariDataSource       : HikariPool-11 - Shutdown initiated...
2022-01-09 15:17:04.037  INFO 51032 --- [    Test worker] com.zaxxer.hikari.HikariDataSource       : HikariPool-11 - Shutdown completed.

  .   ____          _            __ _ _
 /\\ / ___'_ __ _ _(_)_ __  __ _ \ \ \ \
( ( )\___ | '_ | '_| | '_ \/ _` | \ \ \ \
 \\/  ___)| |_)| | | | | || (_| |  ) ) ) )
  '  |____| .__|_| |_|_| |_\__, | / / / /
 =========|_|==============|___/=/_/_/_/
 :: Spring Boot ::                (v2.6.2)

2022-01-09 15:17:04.084  INFO 51032 --- [    Test worker] com.test.task.user.RemoveUserTest        : Starting RemoveUserTest using Java 17.0.1 on Mac-mini-Daniil.local with PID 51032 (started by daniil in /Users/daniil/Documents/Projects/Task)
2022-01-09 15:17:04.084  INFO 51032 --- [    Test worker] com.test.task.user.RemoveUserTest        : No active profile set, falling back to default profiles: default
2022-01-09 15:17:04.403  INFO 51032 --- [    Test worker] .s.d.r.c.RepositoryConfigurationDelegate : Bootstrapping Spring Data JPA repositories in DEFAULT mode.
2022-01-09 15:17:04.448  INFO 51032 --- [    Test worker] .s.d.r.c.RepositoryConfigurationDelegate : Finished Spring Data repository scanning in 42 ms. Found 2 JPA repository interfaces.
2022-01-09 15:17:04.718  INFO 51032 --- [    Test worker] com.zaxxer.hikari.HikariDataSource       : HikariPool-12 - Starting...
2022-01-09 15:17:04.746  INFO 51032 --- [    Test worker] com.zaxxer.hikari.HikariDataSource       : HikariPool-12 - Start completed.
2022-01-09 15:17:04.778  INFO 51032 --- [    Test worker] o.hibernate.jpa.internal.util.LogHelper  : HHH000204: Processing PersistenceUnitInfo [name: default]
2022-01-09 15:17:04.820  INFO 51032 --- [    Test worker] org.hibernate.dialect.Dialect            : HHH000400: Using dialect: org.hibernate.dialect.PostgreSQL10Dialect
2022-01-09 15:17:05.098  INFO 51032 --- [    Test worker] o.h.e.t.j.p.i.JtaPlatformInitiator       : HHH000490: Using JtaPlatform implementation: [org.hibernate.engine.transaction.jta.platform.internal.NoJtaPlatform]
2022-01-09 15:17:05.098  INFO 51032 --- [    Test worker] j.LocalContainerEntityManagerFactoryBean : Initialized JPA EntityManagerFactory for persistence unit 'default'
2022-01-09 15:17:05.373  WARN 51032 --- [    Test worker] JpaBaseConfiguration$JpaWebConfiguration : spring.jpa.open-in-view is enabled by default. Therefore, database queries may be performed during view rendering. Explicitly configure spring.jpa.open-in-view to disable this warning
2022-01-09 15:17:05.806  INFO 51032 --- [    Test worker] o.s.s.web.DefaultSecurityFilterChain     : Will secure any request with [org.springframework.security.web.context.request.async.WebAsyncManagerIntegrationFilter@6cf4325b, org.springframework.security.web.context.SecurityContextPersistenceFilter@5506ff53, org.springframework.security.web.header.HeaderWriterFilter@57e9122f, org.springframework.security.web.authentication.logout.LogoutFilter@28e6f5c7, com.test.task.configuration.JwtFilter@5e231326, org.springframework.security.web.savedrequest.RequestCacheAwareFilter@315139e2, org.springframework.security.web.servletapi.SecurityContextHolderAwareRequestFilter@50b1aea, org.springframework.security.web.authentication.AnonymousAuthenticationFilter@2f6b60ee, org.springframework.security.web.session.SessionManagementFilter@14d6f58f, org.springframework.security.web.access.ExceptionTranslationFilter@389588b2, org.springframework.security.web.access.intercept.FilterSecurityInterceptor@7e9e125f]
2022-01-09 15:17:06.955  INFO 51032 --- [    Test worker] com.test.task.user.RemoveUserTest        : Started RemoveUserTest in 2.914 seconds (JVM running for 157.172)
2022-01-09 15:17:06.962  INFO 51032 --- [    Test worker] o.s.t.c.transaction.TransactionContext   : Began transaction (1) for test context [DefaultTestContext@4021732 testClass = RemoveUserTest, testInstance = com.test.task.user.RemoveUserTest@1aa118f3, testMethod = test@RemoveUserTest, testException = [null], mergedContextConfiguration = [WebMergedContextConfiguration@637d9281 testClass = RemoveUserTest, locations = '{}', classes = '{class com.test.task.TaskApplication}', contextInitializerClasses = '[]', activeProfiles = '{}', propertySourceLocations = '{}', propertySourceProperties = '{org.springframework.boot.test.context.SpringBootTestContextBootstrapper=true}', contextCustomizers = set[org.springframework.boot.test.autoconfigure.actuate.metrics.MetricsExportContextCustomizerFactory$DisableMetricExportContextCustomizer@7fb95505, org.springframework.boot.test.autoconfigure.properties.PropertyMappingContextCustomizer@ea400cb, org.springframework.boot.test.autoconfigure.web.servlet.WebDriverContextCustomizerFactory$Customizer@3ad2e17, [ImportsContextCustomizer@87420c0 key = [org.springframework.boot.test.autoconfigure.jdbc.TestDatabaseAutoConfiguration, org.springframework.boot.autoconfigure.jdbc.DataSourceAutoConfiguration]], org.springframework.boot.test.context.filter.ExcludeFilterContextCustomizer@535779e4, org.springframework.boot.test.json.DuplicateJsonObjectContextCustomizerFactory$DuplicateJsonObjectContextCustomizer@4ce1d6d0, org.springframework.boot.test.mock.mockito.MockitoContextCustomizer@0, org.springframework.boot.test.web.client.TestRestTemplateContextCustomizer@40238dd0, org.springframework.boot.test.context.SpringBootTestArgs@1, org.springframework.boot.test.context.SpringBootTestWebEnvironment@10959ece], resourceBasePath = 'src/main/webapp', contextLoader = 'org.springframework.boot.test.context.SpringBootContextLoader', parent = [null]], attributes = map['org.springframework.test.context.web.ServletTestExecutionListener.activateListener' -> true, 'org.springframework.test.context.web.ServletTestExecutionListener.populatedRequestContextHolder' -> true, 'org.springframework.test.context.web.ServletTestExecutionListener.resetRequestContextHolder' -> true, 'org.springframework.test.context.event.ApplicationEventsTestExecutionListener.recordApplicationEvents' -> false]]; transaction manager [org.springframework.orm.jpa.JpaTransactionManager@147b7f3c]; rollback [true]
2022-01-09 15:17:07.118  INFO 51032 --- [    Test worker] o.s.t.c.transaction.TransactionContext   : Rolled back transaction for test: [DefaultTestContext@4021732 testClass = RemoveUserTest, testInstance = com.test.task.user.RemoveUserTest@1aa118f3, testMethod = test@RemoveUserTest, testException = [null], mergedContextConfiguration = [WebMergedContextConfiguration@637d9281 testClass = RemoveUserTest, locations = '{}', classes = '{class com.test.task.TaskApplication}', contextInitializerClasses = '[]', activeProfiles = '{}', propertySourceLocations = '{}', propertySourceProperties = '{org.springframework.boot.test.context.SpringBootTestContextBootstrapper=true}', contextCustomizers = set[org.springframework.boot.test.autoconfigure.actuate.metrics.MetricsExportContextCustomizerFactory$DisableMetricExportContextCustomizer@7fb95505, org.springframework.boot.test.autoconfigure.properties.PropertyMappingContextCustomizer@ea400cb, org.springframework.boot.test.autoconfigure.web.servlet.WebDriverContextCustomizerFactory$Customizer@3ad2e17, [ImportsContextCustomizer@87420c0 key = [org.springframework.boot.test.autoconfigure.jdbc.TestDatabaseAutoConfiguration, org.springframework.boot.autoconfigure.jdbc.DataSourceAutoConfiguration]], org.springframework.boot.test.context.filter.ExcludeFilterContextCustomizer@535779e4, org.springframework.boot.test.json.DuplicateJsonObjectContextCustomizerFactory$DuplicateJsonObjectContextCustomizer@4ce1d6d0, org.springframework.boot.test.mock.mockito.MockitoContextCustomizer@0, org.springframework.boot.test.web.client.TestRestTemplateContextCustomizer@40238dd0, org.springframework.boot.test.context.SpringBootTestArgs@1, org.springframework.boot.test.context.SpringBootTestWebEnvironment@10959ece], resourceBasePath = 'src/main/webapp', contextLoader = 'org.springframework.boot.test.context.SpringBootContextLoader', parent = [null]], attributes = map['org.springframework.test.context.web.ServletTestExecutionListener.activateListener' -> true, 'org.springframework.test.context.web.ServletTestExecutionListener.populatedRequestContextHolder' -> true, 'org.springframework.test.context.web.ServletTestExecutionListener.resetRequestContextHolder' -> true, 'org.springframework.test.context.event.ApplicationEventsTestExecutionListener.recordApplicationEvents' -> false]]
]]></system-out>
  <system-err><![CDATA[]]></system-err>
</testsuite>
