<?xml version="1.0" encoding="UTF-8"?>
<testsuite name="com.test.task.article.UpdateArticleTest" tests="1" skipped="0" failures="0" errors="0" timestamp="2022-01-09T12:16:30" hostname="Mac-mini-Daniil.local" time="8.996">
  <properties/>
  <testcase name="test()" classname="com.test.task.article.UpdateArticleTest" time="8.996"/>
  <system-out><![CDATA[2022-01-09 15:16:30.255  INFO 51032 --- [    Test worker] .b.t.c.SpringBootTestContextBootstrapper : Neither @ContextConfiguration nor @ContextHierarchy found for test class [com.test.task.article.UpdateArticleTest], using SpringBootContextLoader
2022-01-09 15:16:30.257  INFO 51032 --- [    Test worker] o.s.t.c.support.AbstractContextLoader    : Could not detect default resource locations for test class [com.test.task.article.UpdateArticleTest]: no resource found for suffixes {-context.xml, Context.groovy}.
2022-01-09 15:16:30.257  INFO 51032 --- [    Test worker] t.c.s.AnnotationConfigContextLoaderUtils : Could not detect default configuration classes for test class [com.test.task.article.UpdateArticleTest]: UpdateArticleTest does not declare any static, non-private, non-final, nested classes annotated with @Configuration.
2022-01-09 15:16:30.261  INFO 51032 --- [    Test worker] .b.t.c.SpringBootTestContextBootstrapper : Found @SpringBootConfiguration com.test.task.TaskApplication for test class com.test.task.article.UpdateArticleTest
2022-01-09 15:16:30.263  INFO 51032 --- [    Test worker] .b.t.c.SpringBootTestContextBootstrapper : Loaded default TestExecutionListener class names from location [META-INF/spring.factories]: [org.springframework.security.test.context.support.WithSecurityContextTestExecutionListener, org.springframework.security.test.context.support.ReactorContextTestExecutionListener, org.springframework.boot.test.autoconfigure.restdocs.RestDocsTestExecutionListener, org.springframework.boot.test.autoconfigure.web.client.MockRestServiceServerResetTestExecutionListener, org.springframework.boot.test.autoconfigure.web.servlet.MockMvcPrintOnlyOnFailureTestExecutionListener, org.springframework.boot.test.autoconfigure.web.servlet.WebDriverTestExecutionListener, org.springframework.boot.test.autoconfigure.webservices.client.MockWebServiceServerTestExecutionListener, org.springframework.boot.test.mock.mockito.MockitoTestExecutionListener, org.springframework.boot.test.mock.mockito.ResetMocksTestExecutionListener, org.springframework.test.context.web.ServletTestExecutionListener, org.springframework.test.context.support.DirtiesContextBeforeModesTestExecutionListener, org.springframework.test.context.event.ApplicationEventsTestExecutionListener, org.springframework.test.context.support.DependencyInjectionTestExecutionListener, org.springframework.test.context.support.DirtiesContextTestExecutionListener, org.springframework.test.context.transaction.TransactionalTestExecutionListener, org.springframework.test.context.jdbc.SqlScriptsTestExecutionListener, org.springframework.test.context.event.EventPublishingTestExecutionListener]
2022-01-09 15:16:30.264  INFO 51032 --- [    Test worker] .b.t.c.SpringBootTestContextBootstrapper : Using TestExecutionListeners: [org.springframework.test.context.web.ServletTestExecutionListener@1b717d03, org.springframework.test.context.support.DirtiesContextBeforeModesTestExecutionListener@59e7a6d8, org.springframework.test.context.event.ApplicationEventsTestExecutionListener@757b8c47, org.springframework.boot.test.mock.mockito.MockitoTestExecutionListener@69503026, org.springframework.boot.test.autoconfigure.SpringBootDependencyInjectionTestExecutionListener@7959d16a, org.springframework.test.context.support.DirtiesContextTestExecutionListener@1d6c69ff, org.springframework.test.context.transaction.TransactionalTestExecutionListener@34dcd7a1, org.springframework.test.context.jdbc.SqlScriptsTestExecutionListener@5c65001c, org.springframework.security.test.context.support.WithSecurityContextTestExecutionListener@6b00587b, org.springframework.test.context.event.EventPublishingTestExecutionListener@15ddf775, org.springframework.security.test.context.support.ReactorContextTestExecutionListener@476e4bb0, org.springframework.boot.test.autoconfigure.restdocs.RestDocsTestExecutionListener@337fd6a1, org.springframework.boot.test.autoconfigure.web.client.MockRestServiceServerResetTestExecutionListener@5a558335, org.springframework.boot.test.autoconfigure.web.servlet.MockMvcPrintOnlyOnFailureTestExecutionListener@20c9b155, org.springframework.boot.test.autoconfigure.web.servlet.WebDriverTestExecutionListener@154f5d37, org.springframework.boot.test.autoconfigure.webservices.client.MockWebServiceServerTestExecutionListener@58c84be1, org.springframework.boot.test.mock.mockito.ResetMocksTestExecutionListener@2e7227e6]
2022-01-09 15:16:30.270  INFO 51032 --- [    Test worker] j.LocalContainerEntityManagerFactoryBean : Closing JPA EntityManagerFactory for persistence unit 'default'
2022-01-09 15:16:30.271  INFO 51032 --- [    Test worker] com.zaxxer.hikari.HikariDataSource       : HikariPool-6 - Shutdown initiated...
2022-01-09 15:16:30.281  INFO 51032 --- [    Test worker] com.zaxxer.hikari.HikariDataSource       : HikariPool-6 - Shutdown completed.

  .   ____          _            __ _ _
 /\\ / ___'_ __ _ _(_)_ __  __ _ \ \ \ \
( ( )\___ | '_ | '_| | '_ \/ _` | \ \ \ \
 \\/  ___)| |_)| | | | | || (_| |  ) ) ) )
  '  |____| .__|_| |_|_| |_\__, | / / / /
 =========|_|==============|___/=/_/_/_/
 :: Spring Boot ::                (v2.6.2)

2022-01-09 15:16:35.350  INFO 51032 --- [    Test worker] com.test.task.article.UpdateArticleTest  : Starting UpdateArticleTest using Java 17.0.1 on Mac-mini-Daniil.local with PID 51032 (started by daniil in /Users/daniil/Documents/Projects/Task)
2022-01-09 15:16:35.350  INFO 51032 --- [    Test worker] com.test.task.article.UpdateArticleTest  : No active profile set, falling back to default profiles: default
2022-01-09 15:16:35.866  INFO 51032 --- [    Test worker] .s.d.r.c.RepositoryConfigurationDelegate : Bootstrapping Spring Data JPA repositories in DEFAULT mode.
2022-01-09 15:16:35.917  INFO 51032 --- [    Test worker] .s.d.r.c.RepositoryConfigurationDelegate : Finished Spring Data repository scanning in 50 ms. Found 2 JPA repository interfaces.
2022-01-09 15:16:36.243  INFO 51032 --- [    Test worker] com.zaxxer.hikari.HikariDataSource       : HikariPool-7 - Starting...
2022-01-09 15:16:36.257  INFO 51032 --- [    Test worker] com.zaxxer.hikari.HikariDataSource       : HikariPool-7 - Start completed.
2022-01-09 15:16:36.283  INFO 51032 --- [    Test worker] o.hibernate.jpa.internal.util.LogHelper  : HHH000204: Processing PersistenceUnitInfo [name: default]
2022-01-09 15:16:36.289  INFO 51032 --- [    Test worker] org.hibernate.dialect.Dialect            : HHH000400: Using dialect: org.hibernate.dialect.PostgreSQL10Dialect
2022-01-09 15:16:36.564  INFO 51032 --- [    Test worker] o.h.e.t.j.p.i.JtaPlatformInitiator       : HHH000490: Using JtaPlatform implementation: [org.hibernate.engine.transaction.jta.platform.internal.NoJtaPlatform]
2022-01-09 15:16:36.566  INFO 51032 --- [    Test worker] j.LocalContainerEntityManagerFactoryBean : Initialized JPA EntityManagerFactory for persistence unit 'default'
2022-01-09 15:16:36.910  WARN 51032 --- [    Test worker] JpaBaseConfiguration$JpaWebConfiguration : spring.jpa.open-in-view is enabled by default. Therefore, database queries may be performed during view rendering. Explicitly configure spring.jpa.open-in-view to disable this warning
2022-01-09 15:16:37.155  INFO 51032 --- [    Test worker] o.s.s.web.DefaultSecurityFilterChain     : Will secure any request with [org.springframework.security.web.context.request.async.WebAsyncManagerIntegrationFilter@64b1d0ab, org.springframework.security.web.context.SecurityContextPersistenceFilter@2ace94ff, org.springframework.security.web.header.HeaderWriterFilter@178cf671, org.springframework.security.web.authentication.logout.LogoutFilter@478b5a43, com.test.task.configuration.JwtFilter@3e64cf62, org.springframework.security.web.savedrequest.RequestCacheAwareFilter@322b500a, org.springframework.security.web.servletapi.SecurityContextHolderAwareRequestFilter@52ac4878, org.springframework.security.web.authentication.AnonymousAuthenticationFilter@4758158f, org.springframework.security.web.session.SessionManagementFilter@6706657b, org.springframework.security.web.access.ExceptionTranslationFilter@16bc97b9, org.springframework.security.web.access.intercept.FilterSecurityInterceptor@c5c7db1]
2022-01-09 15:16:38.952  INFO 51032 --- [    Test worker] com.test.task.article.UpdateArticleTest  : Started UpdateArticleTest in 8.665 seconds (JVM running for 129.168)
2022-01-09 15:16:38.960  INFO 51032 --- [    Test worker] o.s.t.c.transaction.TransactionContext   : Began transaction (1) for test context [DefaultTestContext@14c16388 testClass = UpdateArticleTest, testInstance = com.test.task.article.UpdateArticleTest@39c8101c, testMethod = test@UpdateArticleTest, testException = [null], mergedContextConfiguration = [WebMergedContextConfiguration@5f38dc75 testClass = UpdateArticleTest, locations = '{}', classes = '{class com.test.task.TaskApplication}', contextInitializerClasses = '[]', activeProfiles = '{}', propertySourceLocations = '{}', propertySourceProperties = '{org.springframework.boot.test.context.SpringBootTestContextBootstrapper=true}', contextCustomizers = set[org.springframework.boot.test.autoconfigure.actuate.metrics.MetricsExportContextCustomizerFactory$DisableMetricExportContextCustomizer@7fb95505, org.springframework.boot.test.autoconfigure.properties.PropertyMappingContextCustomizer@ea400cb, org.springframework.boot.test.autoconfigure.web.servlet.WebDriverContextCustomizerFactory$Customizer@3ad2e17, [ImportsContextCustomizer@48e0d3a7 key = [org.springframework.boot.test.autoconfigure.jdbc.TestDatabaseAutoConfiguration, org.springframework.boot.autoconfigure.jdbc.DataSourceAutoConfiguration]], org.springframework.boot.test.context.filter.ExcludeFilterContextCustomizer@535779e4, org.springframework.boot.test.json.DuplicateJsonObjectContextCustomizerFactory$DuplicateJsonObjectContextCustomizer@4ce1d6d0, org.springframework.boot.test.mock.mockito.MockitoContextCustomizer@0, org.springframework.boot.test.web.client.TestRestTemplateContextCustomizer@40238dd0, org.springframework.boot.test.context.SpringBootTestArgs@1, org.springframework.boot.test.context.SpringBootTestWebEnvironment@10959ece], resourceBasePath = 'src/main/webapp', contextLoader = 'org.springframework.boot.test.context.SpringBootContextLoader', parent = [null]], attributes = map['org.springframework.test.context.web.ServletTestExecutionListener.activateListener' -> true, 'org.springframework.test.context.web.ServletTestExecutionListener.populatedRequestContextHolder' -> true, 'org.springframework.test.context.web.ServletTestExecutionListener.resetRequestContextHolder' -> true, 'org.springframework.test.context.event.ApplicationEventsTestExecutionListener.recordApplicationEvents' -> false]]; transaction manager [org.springframework.orm.jpa.JpaTransactionManager@62ccf42c]; rollback [true]
2022-01-09 15:16:39.262  INFO 51032 --- [    Test worker] o.s.t.c.transaction.TransactionContext   : Rolled back transaction for test: [DefaultTestContext@14c16388 testClass = UpdateArticleTest, testInstance = com.test.task.article.UpdateArticleTest@39c8101c, testMethod = test@UpdateArticleTest, testException = [null], mergedContextConfiguration = [WebMergedContextConfiguration@5f38dc75 testClass = UpdateArticleTest, locations = '{}', classes = '{class com.test.task.TaskApplication}', contextInitializerClasses = '[]', activeProfiles = '{}', propertySourceLocations = '{}', propertySourceProperties = '{org.springframework.boot.test.context.SpringBootTestContextBootstrapper=true}', contextCustomizers = set[org.springframework.boot.test.autoconfigure.actuate.metrics.MetricsExportContextCustomizerFactory$DisableMetricExportContextCustomizer@7fb95505, org.springframework.boot.test.autoconfigure.properties.PropertyMappingContextCustomizer@ea400cb, org.springframework.boot.test.autoconfigure.web.servlet.WebDriverContextCustomizerFactory$Customizer@3ad2e17, [ImportsContextCustomizer@48e0d3a7 key = [org.springframework.boot.test.autoconfigure.jdbc.TestDatabaseAutoConfiguration, org.springframework.boot.autoconfigure.jdbc.DataSourceAutoConfiguration]], org.springframework.boot.test.context.filter.ExcludeFilterContextCustomizer@535779e4, org.springframework.boot.test.json.DuplicateJsonObjectContextCustomizerFactory$DuplicateJsonObjectContextCustomizer@4ce1d6d0, org.springframework.boot.test.mock.mockito.MockitoContextCustomizer@0, org.springframework.boot.test.web.client.TestRestTemplateContextCustomizer@40238dd0, org.springframework.boot.test.context.SpringBootTestArgs@1, org.springframework.boot.test.context.SpringBootTestWebEnvironment@10959ece], resourceBasePath = 'src/main/webapp', contextLoader = 'org.springframework.boot.test.context.SpringBootContextLoader', parent = [null]], attributes = map['org.springframework.test.context.web.ServletTestExecutionListener.activateListener' -> true, 'org.springframework.test.context.web.ServletTestExecutionListener.populatedRequestContextHolder' -> true, 'org.springframework.test.context.web.ServletTestExecutionListener.resetRequestContextHolder' -> true, 'org.springframework.test.context.event.ApplicationEventsTestExecutionListener.recordApplicationEvents' -> false]]
]]></system-out>
  <system-err><![CDATA[]]></system-err>
</testsuite>
