<?xml version="1.0" encoding="UTF-8"?>
<testsuite name="com.test.task.auth.AuthTest" tests="1" skipped="0" failures="0" errors="0" timestamp="2022-01-09T12:16:39" hostname="Mac-mini-Daniil.local" time="4.601">
  <properties/>
  <testcase name="test()" classname="com.test.task.auth.AuthTest" time="4.601"/>
  <system-out><![CDATA[2022-01-09 15:16:39.268  INFO 51032 --- [    Test worker] .b.t.c.SpringBootTestContextBootstrapper : Neither @ContextConfiguration nor @ContextHierarchy found for test class [com.test.task.auth.AuthTest], using SpringBootContextLoader
2022-01-09 15:16:39.269  INFO 51032 --- [    Test worker] o.s.t.c.support.AbstractContextLoader    : Could not detect default resource locations for test class [com.test.task.auth.AuthTest]: no resource found for suffixes {-context.xml, Context.groovy}.
2022-01-09 15:16:39.270  INFO 51032 --- [    Test worker] t.c.s.AnnotationConfigContextLoaderUtils : Could not detect default configuration classes for test class [com.test.task.auth.AuthTest]: AuthTest does not declare any static, non-private, non-final, nested classes annotated with @Configuration.
2022-01-09 15:16:39.276  INFO 51032 --- [    Test worker] .b.t.c.SpringBootTestContextBootstrapper : Found @SpringBootConfiguration com.test.task.TaskApplication for test class com.test.task.auth.AuthTest
2022-01-09 15:16:39.278  INFO 51032 --- [    Test worker] .b.t.c.SpringBootTestContextBootstrapper : Loaded default TestExecutionListener class names from location [META-INF/spring.factories]: [org.springframework.security.test.context.support.WithSecurityContextTestExecutionListener, org.springframework.security.test.context.support.ReactorContextTestExecutionListener, org.springframework.boot.test.autoconfigure.restdocs.RestDocsTestExecutionListener, org.springframework.boot.test.autoconfigure.web.client.MockRestServiceServerResetTestExecutionListener, org.springframework.boot.test.autoconfigure.web.servlet.MockMvcPrintOnlyOnFailureTestExecutionListener, org.springframework.boot.test.autoconfigure.web.servlet.WebDriverTestExecutionListener, org.springframework.boot.test.autoconfigure.webservices.client.MockWebServiceServerTestExecutionListener, org.springframework.boot.test.mock.mockito.MockitoTestExecutionListener, org.springframework.boot.test.mock.mockito.ResetMocksTestExecutionListener, org.springframework.test.context.web.ServletTestExecutionListener, org.springframework.test.context.support.DirtiesContextBeforeModesTestExecutionListener, org.springframework.test.context.event.ApplicationEventsTestExecutionListener, org.springframework.test.context.support.DependencyInjectionTestExecutionListener, org.springframework.test.context.support.DirtiesContextTestExecutionListener, org.springframework.test.context.transaction.TransactionalTestExecutionListener, org.springframework.test.context.jdbc.SqlScriptsTestExecutionListener, org.springframework.test.context.event.EventPublishingTestExecutionListener]
2022-01-09 15:16:39.279  INFO 51032 --- [    Test worker] .b.t.c.SpringBootTestContextBootstrapper : Using TestExecutionListeners: [org.springframework.test.context.web.ServletTestExecutionListener@54b2416d, org.springframework.test.context.support.DirtiesContextBeforeModesTestExecutionListener@519fa526, org.springframework.test.context.event.ApplicationEventsTestExecutionListener@4bb5ba10, org.springframework.boot.test.mock.mockito.MockitoTestExecutionListener@7ce3c0cc, org.springframework.boot.test.autoconfigure.SpringBootDependencyInjectionTestExecutionListener@3a9c5f14, org.springframework.test.context.support.DirtiesContextTestExecutionListener@16066bf4, org.springframework.test.context.transaction.TransactionalTestExecutionListener@7085261e, org.springframework.test.context.jdbc.SqlScriptsTestExecutionListener@12026d62, org.springframework.security.test.context.support.WithSecurityContextTestExecutionListener@4a3ef4c9, org.springframework.test.context.event.EventPublishingTestExecutionListener@6fc26fb1, org.springframework.security.test.context.support.ReactorContextTestExecutionListener@362e1181, org.springframework.boot.test.autoconfigure.restdocs.RestDocsTestExecutionListener@3746135b, org.springframework.boot.test.autoconfigure.web.client.MockRestServiceServerResetTestExecutionListener@a6321c6, org.springframework.boot.test.autoconfigure.web.servlet.MockMvcPrintOnlyOnFailureTestExecutionListener@762078dc, org.springframework.boot.test.autoconfigure.web.servlet.WebDriverTestExecutionListener@3044dd80, org.springframework.boot.test.autoconfigure.webservices.client.MockWebServiceServerTestExecutionListener@371fcc18, org.springframework.boot.test.mock.mockito.ResetMocksTestExecutionListener@2461a62c]
2022-01-09 15:16:39.285  INFO 51032 --- [    Test worker] j.LocalContainerEntityManagerFactoryBean : Closing JPA EntityManagerFactory for persistence unit 'default'
2022-01-09 15:16:39.287  INFO 51032 --- [    Test worker] com.zaxxer.hikari.HikariDataSource       : HikariPool-7 - Shutdown initiated...
2022-01-09 15:16:39.295  INFO 51032 --- [    Test worker] com.zaxxer.hikari.HikariDataSource       : HikariPool-7 - Shutdown completed.

  .   ____          _            __ _ _
 /\\ / ___'_ __ _ _(_)_ __  __ _ \ \ \ \
( ( )\___ | '_ | '_| | '_ \/ _` | \ \ \ \
 \\/  ___)| |_)| | | | | || (_| |  ) ) ) )
  '  |____| .__|_| |_|_| |_\__, | / / / /
 =========|_|==============|___/=/_/_/_/
 :: Spring Boot ::                (v2.6.2)

2022-01-09 15:16:39.362  INFO 51032 --- [    Test worker] com.test.task.auth.AuthTest              : Starting AuthTest using Java 17.0.1 on Mac-mini-Daniil.local with PID 51032 (started by daniil in /Users/daniil/Documents/Projects/Task)
2022-01-09 15:16:39.362  INFO 51032 --- [    Test worker] com.test.task.auth.AuthTest              : No active profile set, falling back to default profiles: default
2022-01-09 15:16:39.878  INFO 51032 --- [    Test worker] .s.d.r.c.RepositoryConfigurationDelegate : Bootstrapping Spring Data JPA repositories in DEFAULT mode.
2022-01-09 15:16:39.913  INFO 51032 --- [    Test worker] .s.d.r.c.RepositoryConfigurationDelegate : Finished Spring Data repository scanning in 34 ms. Found 2 JPA repository interfaces.
2022-01-09 15:16:40.123  INFO 51032 --- [    Test worker] com.zaxxer.hikari.HikariDataSource       : HikariPool-8 - Starting...
2022-01-09 15:16:40.135  INFO 51032 --- [    Test worker] com.zaxxer.hikari.HikariDataSource       : HikariPool-8 - Start completed.
2022-01-09 15:16:40.173  INFO 51032 --- [    Test worker] o.hibernate.jpa.internal.util.LogHelper  : HHH000204: Processing PersistenceUnitInfo [name: default]
2022-01-09 15:16:40.182  INFO 51032 --- [    Test worker] org.hibernate.dialect.Dialect            : HHH000400: Using dialect: org.hibernate.dialect.PostgreSQL10Dialect
2022-01-09 15:16:40.384  INFO 51032 --- [    Test worker] o.h.e.t.j.p.i.JtaPlatformInitiator       : HHH000490: Using JtaPlatform implementation: [org.hibernate.engine.transaction.jta.platform.internal.NoJtaPlatform]
2022-01-09 15:16:40.384  INFO 51032 --- [    Test worker] j.LocalContainerEntityManagerFactoryBean : Initialized JPA EntityManagerFactory for persistence unit 'default'
2022-01-09 15:16:40.717  WARN 51032 --- [    Test worker] JpaBaseConfiguration$JpaWebConfiguration : spring.jpa.open-in-view is enabled by default. Therefore, database queries may be performed during view rendering. Explicitly configure spring.jpa.open-in-view to disable this warning
2022-01-09 15:16:40.964  INFO 51032 --- [    Test worker] o.s.s.web.DefaultSecurityFilterChain     : Will secure any request with [org.springframework.security.web.context.request.async.WebAsyncManagerIntegrationFilter@16e17e6b, org.springframework.security.web.context.SecurityContextPersistenceFilter@475534d1, org.springframework.security.web.header.HeaderWriterFilter@156b3428, org.springframework.security.web.authentication.logout.LogoutFilter@1e7544bc, com.test.task.configuration.JwtFilter@5a67843b, org.springframework.security.web.savedrequest.RequestCacheAwareFilter@7ec00f98, org.springframework.security.web.servletapi.SecurityContextHolderAwareRequestFilter@67b68dc3, org.springframework.security.web.authentication.AnonymousAuthenticationFilter@46a6368f, org.springframework.security.web.session.SessionManagementFilter@67020d60, org.springframework.security.web.access.ExceptionTranslationFilter@579847d7, org.springframework.security.web.access.intercept.FilterSecurityInterceptor@4f2e6db7]
2022-01-09 15:16:42.438  INFO 51032 --- [    Test worker] com.test.task.auth.AuthTest              : Started AuthTest in 3.127 seconds (JVM running for 132.655)
2022-01-09 15:16:42.451  INFO 51032 --- [    Test worker] o.s.t.c.transaction.TransactionContext   : Began transaction (1) for test context [DefaultTestContext@49a14b44 testClass = AuthTest, testInstance = com.test.task.auth.AuthTest@7df7d5cc, testMethod = test@AuthTest, testException = [null], mergedContextConfiguration = [WebMergedContextConfiguration@c95213a testClass = AuthTest, locations = '{}', classes = '{class com.test.task.TaskApplication}', contextInitializerClasses = '[]', activeProfiles = '{}', propertySourceLocations = '{}', propertySourceProperties = '{org.springframework.boot.test.context.SpringBootTestContextBootstrapper=true}', contextCustomizers = set[org.springframework.boot.test.autoconfigure.actuate.metrics.MetricsExportContextCustomizerFactory$DisableMetricExportContextCustomizer@7fb95505, org.springframework.boot.test.autoconfigure.properties.PropertyMappingContextCustomizer@ea400cb, org.springframework.boot.test.autoconfigure.web.servlet.WebDriverContextCustomizerFactory$Customizer@3ad2e17, [ImportsContextCustomizer@345236c6 key = [org.springframework.boot.test.autoconfigure.jdbc.TestDatabaseAutoConfiguration, org.springframework.boot.autoconfigure.jdbc.DataSourceAutoConfiguration]], org.springframework.boot.test.context.filter.ExcludeFilterContextCustomizer@535779e4, org.springframework.boot.test.json.DuplicateJsonObjectContextCustomizerFactory$DuplicateJsonObjectContextCustomizer@4ce1d6d0, org.springframework.boot.test.mock.mockito.MockitoContextCustomizer@0, org.springframework.boot.test.web.client.TestRestTemplateContextCustomizer@40238dd0, org.springframework.boot.test.context.SpringBootTestArgs@1, org.springframework.boot.test.context.SpringBootTestWebEnvironment@10959ece], resourceBasePath = 'src/main/webapp', contextLoader = 'org.springframework.boot.test.context.SpringBootContextLoader', parent = [null]], attributes = map['org.springframework.test.context.web.ServletTestExecutionListener.activateListener' -> true, 'org.springframework.test.context.web.ServletTestExecutionListener.populatedRequestContextHolder' -> true, 'org.springframework.test.context.web.ServletTestExecutionListener.resetRequestContextHolder' -> true, 'org.springframework.test.context.event.ApplicationEventsTestExecutionListener.recordApplicationEvents' -> false]]; transaction manager [org.springframework.orm.jpa.JpaTransactionManager@298f8835]; rollback [true]
2022-01-09 15:16:43.881  INFO 51032 --- [    Test worker] o.s.t.c.transaction.TransactionContext   : Rolled back transaction for test: [DefaultTestContext@49a14b44 testClass = AuthTest, testInstance = com.test.task.auth.AuthTest@7df7d5cc, testMethod = test@AuthTest, testException = [null], mergedContextConfiguration = [WebMergedContextConfiguration@c95213a testClass = AuthTest, locations = '{}', classes = '{class com.test.task.TaskApplication}', contextInitializerClasses = '[]', activeProfiles = '{}', propertySourceLocations = '{}', propertySourceProperties = '{org.springframework.boot.test.context.SpringBootTestContextBootstrapper=true}', contextCustomizers = set[org.springframework.boot.test.autoconfigure.actuate.metrics.MetricsExportContextCustomizerFactory$DisableMetricExportContextCustomizer@7fb95505, org.springframework.boot.test.autoconfigure.properties.PropertyMappingContextCustomizer@ea400cb, org.springframework.boot.test.autoconfigure.web.servlet.WebDriverContextCustomizerFactory$Customizer@3ad2e17, [ImportsContextCustomizer@345236c6 key = [org.springframework.boot.test.autoconfigure.jdbc.TestDatabaseAutoConfiguration, org.springframework.boot.autoconfigure.jdbc.DataSourceAutoConfiguration]], org.springframework.boot.test.context.filter.ExcludeFilterContextCustomizer@535779e4, org.springframework.boot.test.json.DuplicateJsonObjectContextCustomizerFactory$DuplicateJsonObjectContextCustomizer@4ce1d6d0, org.springframework.boot.test.mock.mockito.MockitoContextCustomizer@0, org.springframework.boot.test.web.client.TestRestTemplateContextCustomizer@40238dd0, org.springframework.boot.test.context.SpringBootTestArgs@1, org.springframework.boot.test.context.SpringBootTestWebEnvironment@10959ece], resourceBasePath = 'src/main/webapp', contextLoader = 'org.springframework.boot.test.context.SpringBootContextLoader', parent = [null]], attributes = map['org.springframework.test.context.web.ServletTestExecutionListener.activateListener' -> true, 'org.springframework.test.context.web.ServletTestExecutionListener.populatedRequestContextHolder' -> true, 'org.springframework.test.context.web.ServletTestExecutionListener.resetRequestContextHolder' -> true, 'org.springframework.test.context.event.ApplicationEventsTestExecutionListener.recordApplicationEvents' -> false]]
]]></system-out>
  <system-err><![CDATA[]]></system-err>
</testsuite>
