<?xml version="1.0" encoding="UTF-8"?>
<testsuite name="com.test.task.article.RemoveArticleTest" tests="1" skipped="0" failures="0" errors="0" timestamp="2022-01-09T12:16:26" hostname="Mac-mini-Daniil.local" time="3.52">
  <properties/>
  <testcase name="test()" classname="com.test.task.article.RemoveArticleTest" time="3.52"/>
  <system-out><![CDATA[2022-01-09 15:16:26.713  INFO 51032 --- [    Test worker] .b.t.c.SpringBootTestContextBootstrapper : Neither @ContextConfiguration nor @ContextHierarchy found for test class [com.test.task.article.RemoveArticleTest], using SpringBootContextLoader
2022-01-09 15:16:26.714  INFO 51032 --- [    Test worker] o.s.t.c.support.AbstractContextLoader    : Could not detect default resource locations for test class [com.test.task.article.RemoveArticleTest]: no resource found for suffixes {-context.xml, Context.groovy}.
2022-01-09 15:16:26.715  INFO 51032 --- [    Test worker] t.c.s.AnnotationConfigContextLoaderUtils : Could not detect default configuration classes for test class [com.test.task.article.RemoveArticleTest]: RemoveArticleTest does not declare any static, non-private, non-final, nested classes annotated with @Configuration.
2022-01-09 15:16:26.719  INFO 51032 --- [    Test worker] .b.t.c.SpringBootTestContextBootstrapper : Found @SpringBootConfiguration com.test.task.TaskApplication for test class com.test.task.article.RemoveArticleTest
2022-01-09 15:16:26.722  INFO 51032 --- [    Test worker] .b.t.c.SpringBootTestContextBootstrapper : Loaded default TestExecutionListener class names from location [META-INF/spring.factories]: [org.springframework.security.test.context.support.WithSecurityContextTestExecutionListener, org.springframework.security.test.context.support.ReactorContextTestExecutionListener, org.springframework.boot.test.autoconfigure.restdocs.RestDocsTestExecutionListener, org.springframework.boot.test.autoconfigure.web.client.MockRestServiceServerResetTestExecutionListener, org.springframework.boot.test.autoconfigure.web.servlet.MockMvcPrintOnlyOnFailureTestExecutionListener, org.springframework.boot.test.autoconfigure.web.servlet.WebDriverTestExecutionListener, org.springframework.boot.test.autoconfigure.webservices.client.MockWebServiceServerTestExecutionListener, org.springframework.boot.test.mock.mockito.MockitoTestExecutionListener, org.springframework.boot.test.mock.mockito.ResetMocksTestExecutionListener, org.springframework.test.context.web.ServletTestExecutionListener, org.springframework.test.context.support.DirtiesContextBeforeModesTestExecutionListener, org.springframework.test.context.event.ApplicationEventsTestExecutionListener, org.springframework.test.context.support.DependencyInjectionTestExecutionListener, org.springframework.test.context.support.DirtiesContextTestExecutionListener, org.springframework.test.context.transaction.TransactionalTestExecutionListener, org.springframework.test.context.jdbc.SqlScriptsTestExecutionListener, org.springframework.test.context.event.EventPublishingTestExecutionListener]
2022-01-09 15:16:26.723  INFO 51032 --- [    Test worker] .b.t.c.SpringBootTestContextBootstrapper : Using TestExecutionListeners: [org.springframework.test.context.web.ServletTestExecutionListener@7f336491, org.springframework.test.context.support.DirtiesContextBeforeModesTestExecutionListener@5dd2e62a, org.springframework.test.context.event.ApplicationEventsTestExecutionListener@2339ad10, org.springframework.boot.test.mock.mockito.MockitoTestExecutionListener@1030ce34, org.springframework.boot.test.autoconfigure.SpringBootDependencyInjectionTestExecutionListener@74c3374f, org.springframework.test.context.support.DirtiesContextTestExecutionListener@3eea7c4b, org.springframework.test.context.transaction.TransactionalTestExecutionListener@50d507ab, org.springframework.test.context.jdbc.SqlScriptsTestExecutionListener@460222eb, org.springframework.security.test.context.support.WithSecurityContextTestExecutionListener@2b960c2b, org.springframework.test.context.event.EventPublishingTestExecutionListener@46f32536, org.springframework.security.test.context.support.ReactorContextTestExecutionListener@3ee39a1c, org.springframework.boot.test.autoconfigure.restdocs.RestDocsTestExecutionListener@6921e251, org.springframework.boot.test.autoconfigure.web.client.MockRestServiceServerResetTestExecutionListener@724d4c0a, org.springframework.boot.test.autoconfigure.web.servlet.MockMvcPrintOnlyOnFailureTestExecutionListener@2d481de0, org.springframework.boot.test.autoconfigure.web.servlet.WebDriverTestExecutionListener@fd9512f, org.springframework.boot.test.autoconfigure.webservices.client.MockWebServiceServerTestExecutionListener@698c19ef, org.springframework.boot.test.mock.mockito.ResetMocksTestExecutionListener@713935c8]
2022-01-09 15:16:26.735  INFO 51032 --- [    Test worker] j.LocalContainerEntityManagerFactoryBean : Closing JPA EntityManagerFactory for persistence unit 'default'
2022-01-09 15:16:26.737  INFO 51032 --- [    Test worker] com.zaxxer.hikari.HikariDataSource       : HikariPool-5 - Shutdown initiated...
2022-01-09 15:16:26.753  INFO 51032 --- [    Test worker] com.zaxxer.hikari.HikariDataSource       : HikariPool-5 - Shutdown completed.

  .   ____          _            __ _ _
 /\\ / ___'_ __ _ _(_)_ __  __ _ \ \ \ \
( ( )\___ | '_ | '_| | '_ \/ _` | \ \ \ \
 \\/  ___)| |_)| | | | | || (_| |  ) ) ) )
  '  |____| .__|_| |_|_| |_\__, | / / / /
 =========|_|==============|___/=/_/_/_/
 :: Spring Boot ::                (v2.6.2)

2022-01-09 15:16:26.802  INFO 51032 --- [    Test worker] com.test.task.article.RemoveArticleTest  : Starting RemoveArticleTest using Java 17.0.1 on Mac-mini-Daniil.local with PID 51032 (started by daniil in /Users/daniil/Documents/Projects/Task)
2022-01-09 15:16:26.803  INFO 51032 --- [    Test worker] com.test.task.article.RemoveArticleTest  : No active profile set, falling back to default profiles: default
2022-01-09 15:16:27.166  INFO 51032 --- [    Test worker] .s.d.r.c.RepositoryConfigurationDelegate : Bootstrapping Spring Data JPA repositories in DEFAULT mode.
2022-01-09 15:16:27.190  INFO 51032 --- [    Test worker] .s.d.r.c.RepositoryConfigurationDelegate : Finished Spring Data repository scanning in 23 ms. Found 2 JPA repository interfaces.
2022-01-09 15:16:27.439  INFO 51032 --- [    Test worker] com.zaxxer.hikari.HikariDataSource       : HikariPool-6 - Starting...
2022-01-09 15:16:27.460  INFO 51032 --- [    Test worker] com.zaxxer.hikari.HikariDataSource       : HikariPool-6 - Start completed.
2022-01-09 15:16:27.484  INFO 51032 --- [    Test worker] o.hibernate.jpa.internal.util.LogHelper  : HHH000204: Processing PersistenceUnitInfo [name: default]
2022-01-09 15:16:27.494  INFO 51032 --- [    Test worker] org.hibernate.dialect.Dialect            : HHH000400: Using dialect: org.hibernate.dialect.PostgreSQL10Dialect
2022-01-09 15:16:27.782  INFO 51032 --- [    Test worker] o.h.e.t.j.p.i.JtaPlatformInitiator       : HHH000490: Using JtaPlatform implementation: [org.hibernate.engine.transaction.jta.platform.internal.NoJtaPlatform]
2022-01-09 15:16:27.784  INFO 51032 --- [    Test worker] j.LocalContainerEntityManagerFactoryBean : Initialized JPA EntityManagerFactory for persistence unit 'default'
2022-01-09 15:16:28.081  WARN 51032 --- [    Test worker] JpaBaseConfiguration$JpaWebConfiguration : spring.jpa.open-in-view is enabled by default. Therefore, database queries may be performed during view rendering. Explicitly configure spring.jpa.open-in-view to disable this warning
2022-01-09 15:16:28.291  INFO 51032 --- [    Test worker] o.s.s.web.DefaultSecurityFilterChain     : Will secure any request with [org.springframework.security.web.context.request.async.WebAsyncManagerIntegrationFilter@485996f7, org.springframework.security.web.context.SecurityContextPersistenceFilter@3f1bde96, org.springframework.security.web.header.HeaderWriterFilter@71390c8, org.springframework.security.web.authentication.logout.LogoutFilter@57e0bfd6, com.test.task.configuration.JwtFilter@2779acb2, org.springframework.security.web.savedrequest.RequestCacheAwareFilter@765d2d4d, org.springframework.security.web.servletapi.SecurityContextHolderAwareRequestFilter@377fca35, org.springframework.security.web.authentication.AnonymousAuthenticationFilter@35984172, org.springframework.security.web.session.SessionManagementFilter@179806f3, org.springframework.security.web.access.ExceptionTranslationFilter@660dcd17, org.springframework.security.web.access.intercept.FilterSecurityInterceptor@46a6b8d6]
2022-01-09 15:16:30.061  INFO 51032 --- [    Test worker] com.test.task.article.RemoveArticleTest  : Started RemoveArticleTest in 3.299 seconds (JVM running for 120.278)
2022-01-09 15:16:30.072  INFO 51032 --- [    Test worker] o.s.t.c.transaction.TransactionContext   : Began transaction (1) for test context [DefaultTestContext@2dad6fc9 testClass = RemoveArticleTest, testInstance = com.test.task.article.RemoveArticleTest@35e79be0, testMethod = test@RemoveArticleTest, testException = [null], mergedContextConfiguration = [WebMergedContextConfiguration@678c654c testClass = RemoveArticleTest, locations = '{}', classes = '{class com.test.task.TaskApplication}', contextInitializerClasses = '[]', activeProfiles = '{}', propertySourceLocations = '{}', propertySourceProperties = '{org.springframework.boot.test.context.SpringBootTestContextBootstrapper=true}', contextCustomizers = set[org.springframework.boot.test.autoconfigure.actuate.metrics.MetricsExportContextCustomizerFactory$DisableMetricExportContextCustomizer@7fb95505, org.springframework.boot.test.autoconfigure.properties.PropertyMappingContextCustomizer@ea400cb, org.springframework.boot.test.autoconfigure.web.servlet.WebDriverContextCustomizerFactory$Customizer@3ad2e17, [ImportsContextCustomizer@50e3be0a key = [org.springframework.boot.test.autoconfigure.jdbc.TestDatabaseAutoConfiguration, org.springframework.boot.autoconfigure.jdbc.DataSourceAutoConfiguration]], org.springframework.boot.test.context.filter.ExcludeFilterContextCustomizer@535779e4, org.springframework.boot.test.json.DuplicateJsonObjectContextCustomizerFactory$DuplicateJsonObjectContextCustomizer@4ce1d6d0, org.springframework.boot.test.mock.mockito.MockitoContextCustomizer@0, org.springframework.boot.test.web.client.TestRestTemplateContextCustomizer@40238dd0, org.springframework.boot.test.context.SpringBootTestArgs@1, org.springframework.boot.test.context.SpringBootTestWebEnvironment@10959ece], resourceBasePath = 'src/main/webapp', contextLoader = 'org.springframework.boot.test.context.SpringBootContextLoader', parent = [null]], attributes = map['org.springframework.test.context.web.ServletTestExecutionListener.activateListener' -> true, 'org.springframework.test.context.web.ServletTestExecutionListener.populatedRequestContextHolder' -> true, 'org.springframework.test.context.web.ServletTestExecutionListener.resetRequestContextHolder' -> true, 'org.springframework.test.context.event.ApplicationEventsTestExecutionListener.recordApplicationEvents' -> false]]; transaction manager [org.springframework.orm.jpa.JpaTransactionManager@6fbfd6ed]; rollback [true]
2022-01-09 15:16:30.250  INFO 51032 --- [    Test worker] o.s.t.c.transaction.TransactionContext   : Rolled back transaction for test: [DefaultTestContext@2dad6fc9 testClass = RemoveArticleTest, testInstance = com.test.task.article.RemoveArticleTest@35e79be0, testMethod = test@RemoveArticleTest, testException = [null], mergedContextConfiguration = [WebMergedContextConfiguration@678c654c testClass = RemoveArticleTest, locations = '{}', classes = '{class com.test.task.TaskApplication}', contextInitializerClasses = '[]', activeProfiles = '{}', propertySourceLocations = '{}', propertySourceProperties = '{org.springframework.boot.test.context.SpringBootTestContextBootstrapper=true}', contextCustomizers = set[org.springframework.boot.test.autoconfigure.actuate.metrics.MetricsExportContextCustomizerFactory$DisableMetricExportContextCustomizer@7fb95505, org.springframework.boot.test.autoconfigure.properties.PropertyMappingContextCustomizer@ea400cb, org.springframework.boot.test.autoconfigure.web.servlet.WebDriverContextCustomizerFactory$Customizer@3ad2e17, [ImportsContextCustomizer@50e3be0a key = [org.springframework.boot.test.autoconfigure.jdbc.TestDatabaseAutoConfiguration, org.springframework.boot.autoconfigure.jdbc.DataSourceAutoConfiguration]], org.springframework.boot.test.context.filter.ExcludeFilterContextCustomizer@535779e4, org.springframework.boot.test.json.DuplicateJsonObjectContextCustomizerFactory$DuplicateJsonObjectContextCustomizer@4ce1d6d0, org.springframework.boot.test.mock.mockito.MockitoContextCustomizer@0, org.springframework.boot.test.web.client.TestRestTemplateContextCustomizer@40238dd0, org.springframework.boot.test.context.SpringBootTestArgs@1, org.springframework.boot.test.context.SpringBootTestWebEnvironment@10959ece], resourceBasePath = 'src/main/webapp', contextLoader = 'org.springframework.boot.test.context.SpringBootContextLoader', parent = [null]], attributes = map['org.springframework.test.context.web.ServletTestExecutionListener.activateListener' -> true, 'org.springframework.test.context.web.ServletTestExecutionListener.populatedRequestContextHolder' -> true, 'org.springframework.test.context.web.ServletTestExecutionListener.resetRequestContextHolder' -> true, 'org.springframework.test.context.event.ApplicationEventsTestExecutionListener.recordApplicationEvents' -> false]]
]]></system-out>
  <system-err><![CDATA[]]></system-err>
</testsuite>
