<?xml version="1.0" encoding="UTF-8"?>
<testsuite name="com.test.task.user.CreateUserTest" tests="1" skipped="0" failures="0" errors="0" timestamp="2022-01-09T12:16:43" hostname="Mac-mini-Daniil.local" time="8.065">
  <properties/>
  <testcase name="test()" classname="com.test.task.user.CreateUserTest" time="8.065"/>
  <system-out><![CDATA[2022-01-09 15:16:43.896  INFO 51032 --- [    Test worker] .b.t.c.SpringBootTestContextBootstrapper : Neither @ContextConfiguration nor @ContextHierarchy found for test class [com.test.task.user.CreateUserTest], using SpringBootContextLoader
2022-01-09 15:16:43.934  INFO 51032 --- [    Test worker] o.s.t.c.support.AbstractContextLoader    : Could not detect default resource locations for test class [com.test.task.user.CreateUserTest]: no resource found for suffixes {-context.xml, Context.groovy}.
2022-01-09 15:16:43.939  INFO 51032 --- [    Test worker] t.c.s.AnnotationConfigContextLoaderUtils : Could not detect default configuration classes for test class [com.test.task.user.CreateUserTest]: CreateUserTest does not declare any static, non-private, non-final, nested classes annotated with @Configuration.
2022-01-09 15:16:43.954  INFO 51032 --- [    Test worker] .b.t.c.SpringBootTestContextBootstrapper : Found @SpringBootConfiguration com.test.task.TaskApplication for test class com.test.task.user.CreateUserTest
2022-01-09 15:16:43.971  INFO 51032 --- [    Test worker] .b.t.c.SpringBootTestContextBootstrapper : Loaded default TestExecutionListener class names from location [META-INF/spring.factories]: [org.springframework.security.test.context.support.WithSecurityContextTestExecutionListener, org.springframework.security.test.context.support.ReactorContextTestExecutionListener, org.springframework.boot.test.autoconfigure.restdocs.RestDocsTestExecutionListener, org.springframework.boot.test.autoconfigure.web.client.MockRestServiceServerResetTestExecutionListener, org.springframework.boot.test.autoconfigure.web.servlet.MockMvcPrintOnlyOnFailureTestExecutionListener, org.springframework.boot.test.autoconfigure.web.servlet.WebDriverTestExecutionListener, org.springframework.boot.test.autoconfigure.webservices.client.MockWebServiceServerTestExecutionListener, org.springframework.boot.test.mock.mockito.MockitoTestExecutionListener, org.springframework.boot.test.mock.mockito.ResetMocksTestExecutionListener, org.springframework.test.context.web.ServletTestExecutionListener, org.springframework.test.context.support.DirtiesContextBeforeModesTestExecutionListener, org.springframework.test.context.event.ApplicationEventsTestExecutionListener, org.springframework.test.context.support.DependencyInjectionTestExecutionListener, org.springframework.test.context.support.DirtiesContextTestExecutionListener, org.springframework.test.context.transaction.TransactionalTestExecutionListener, org.springframework.test.context.jdbc.SqlScriptsTestExecutionListener, org.springframework.test.context.event.EventPublishingTestExecutionListener]
2022-01-09 15:16:43.973  INFO 51032 --- [    Test worker] .b.t.c.SpringBootTestContextBootstrapper : Using TestExecutionListeners: [org.springframework.test.context.web.ServletTestExecutionListener@5d0e1f13, org.springframework.test.context.support.DirtiesContextBeforeModesTestExecutionListener@47e9542a, org.springframework.test.context.event.ApplicationEventsTestExecutionListener@4af2f2ae, org.springframework.boot.test.mock.mockito.MockitoTestExecutionListener@6b916473, org.springframework.boot.test.autoconfigure.SpringBootDependencyInjectionTestExecutionListener@464a1895, org.springframework.test.context.support.DirtiesContextTestExecutionListener@4b0f5c72, org.springframework.test.context.transaction.TransactionalTestExecutionListener@1635b03f, org.springframework.test.context.jdbc.SqlScriptsTestExecutionListener@7667fc76, org.springframework.security.test.context.support.WithSecurityContextTestExecutionListener@60ffdc9f, org.springframework.test.context.event.EventPublishingTestExecutionListener@5122e03e, org.springframework.security.test.context.support.ReactorContextTestExecutionListener@6a2d066d, org.springframework.boot.test.autoconfigure.restdocs.RestDocsTestExecutionListener@2360c312, org.springframework.boot.test.autoconfigure.web.client.MockRestServiceServerResetTestExecutionListener@3d65e8c5, org.springframework.boot.test.autoconfigure.web.servlet.MockMvcPrintOnlyOnFailureTestExecutionListener@7b80cc47, org.springframework.boot.test.autoconfigure.web.servlet.WebDriverTestExecutionListener@799cb334, org.springframework.boot.test.autoconfigure.webservices.client.MockWebServiceServerTestExecutionListener@5c419746, org.springframework.boot.test.mock.mockito.ResetMocksTestExecutionListener@4ef06fcb]
2022-01-09 15:16:43.996  INFO 51032 --- [    Test worker] j.LocalContainerEntityManagerFactoryBean : Closing JPA EntityManagerFactory for persistence unit 'default'
2022-01-09 15:16:44.004  INFO 51032 --- [    Test worker] com.zaxxer.hikari.HikariDataSource       : HikariPool-8 - Shutdown initiated...
2022-01-09 15:16:44.016  INFO 51032 --- [    Test worker] com.zaxxer.hikari.HikariDataSource       : HikariPool-8 - Shutdown completed.

  .   ____          _            __ _ _
 /\\ / ___'_ __ _ _(_)_ __  __ _ \ \ \ \
( ( )\___ | '_ | '_| | '_ \/ _` | \ \ \ \
 \\/  ___)| |_)| | | | | || (_| |  ) ) ) )
  '  |____| .__|_| |_|_| |_\__, | / / / /
 =========|_|==============|___/=/_/_/_/
 :: Spring Boot ::                (v2.6.2)

2022-01-09 15:16:49.081  INFO 51032 --- [    Test worker] com.test.task.user.CreateUserTest        : Starting CreateUserTest using Java 17.0.1 on Mac-mini-Daniil.local with PID 51032 (started by daniil in /Users/daniil/Documents/Projects/Task)
2022-01-09 15:16:49.081  INFO 51032 --- [    Test worker] com.test.task.user.CreateUserTest        : No active profile set, falling back to default profiles: default
2022-01-09 15:16:49.382  INFO 51032 --- [    Test worker] .s.d.r.c.RepositoryConfigurationDelegate : Bootstrapping Spring Data JPA repositories in DEFAULT mode.
2022-01-09 15:16:49.405  INFO 51032 --- [    Test worker] .s.d.r.c.RepositoryConfigurationDelegate : Finished Spring Data repository scanning in 22 ms. Found 2 JPA repository interfaces.
2022-01-09 15:16:49.746  INFO 51032 --- [    Test worker] com.zaxxer.hikari.HikariDataSource       : HikariPool-9 - Starting...
2022-01-09 15:16:49.761  INFO 51032 --- [    Test worker] com.zaxxer.hikari.HikariDataSource       : HikariPool-9 - Start completed.
2022-01-09 15:16:49.776  INFO 51032 --- [    Test worker] o.hibernate.jpa.internal.util.LogHelper  : HHH000204: Processing PersistenceUnitInfo [name: default]
2022-01-09 15:16:49.782  INFO 51032 --- [    Test worker] org.hibernate.dialect.Dialect            : HHH000400: Using dialect: org.hibernate.dialect.PostgreSQL10Dialect
2022-01-09 15:16:49.987  INFO 51032 --- [    Test worker] o.h.e.t.j.p.i.JtaPlatformInitiator       : HHH000490: Using JtaPlatform implementation: [org.hibernate.engine.transaction.jta.platform.internal.NoJtaPlatform]
2022-01-09 15:16:49.988  INFO 51032 --- [    Test worker] j.LocalContainerEntityManagerFactoryBean : Initialized JPA EntityManagerFactory for persistence unit 'default'
2022-01-09 15:16:50.237  WARN 51032 --- [    Test worker] JpaBaseConfiguration$JpaWebConfiguration : spring.jpa.open-in-view is enabled by default. Therefore, database queries may be performed during view rendering. Explicitly configure spring.jpa.open-in-view to disable this warning
2022-01-09 15:16:50.534  INFO 51032 --- [    Test worker] o.s.s.web.DefaultSecurityFilterChain     : Will secure any request with [org.springframework.security.web.context.request.async.WebAsyncManagerIntegrationFilter@1b8117f4, org.springframework.security.web.context.SecurityContextPersistenceFilter@5ce50896, org.springframework.security.web.header.HeaderWriterFilter@6de7c6bd, org.springframework.security.web.authentication.logout.LogoutFilter@6c173587, com.test.task.configuration.JwtFilter@1cbe3497, org.springframework.security.web.savedrequest.RequestCacheAwareFilter@223f8c82, org.springframework.security.web.servletapi.SecurityContextHolderAwareRequestFilter@33d95295, org.springframework.security.web.authentication.AnonymousAuthenticationFilter@62af3d4c, org.springframework.security.web.session.SessionManagementFilter@4355f7b6, org.springframework.security.web.access.ExceptionTranslationFilter@3385f1a8, org.springframework.security.web.access.intercept.FilterSecurityInterceptor@3ececd11]
2022-01-09 15:16:51.877  INFO 51032 --- [    Test worker] com.test.task.user.CreateUserTest        : Started CreateUserTest in 7.854 seconds (JVM running for 142.094)
2022-01-09 15:16:51.884  INFO 51032 --- [    Test worker] o.s.t.c.transaction.TransactionContext   : Began transaction (1) for test context [DefaultTestContext@7240599c testClass = CreateUserTest, testInstance = com.test.task.user.CreateUserTest@a151493, testMethod = test@CreateUserTest, testException = [null], mergedContextConfiguration = [WebMergedContextConfiguration@7359781c testClass = CreateUserTest, locations = '{}', classes = '{class com.test.task.TaskApplication}', contextInitializerClasses = '[]', activeProfiles = '{}', propertySourceLocations = '{}', propertySourceProperties = '{org.springframework.boot.test.context.SpringBootTestContextBootstrapper=true}', contextCustomizers = set[org.springframework.boot.test.autoconfigure.actuate.metrics.MetricsExportContextCustomizerFactory$DisableMetricExportContextCustomizer@7fb95505, org.springframework.boot.test.autoconfigure.properties.PropertyMappingContextCustomizer@ea400cb, org.springframework.boot.test.autoconfigure.web.servlet.WebDriverContextCustomizerFactory$Customizer@3ad2e17, [ImportsContextCustomizer@73985c99 key = [org.springframework.boot.test.autoconfigure.jdbc.TestDatabaseAutoConfiguration, org.springframework.boot.autoconfigure.jdbc.DataSourceAutoConfiguration]], org.springframework.boot.test.context.filter.ExcludeFilterContextCustomizer@535779e4, org.springframework.boot.test.json.DuplicateJsonObjectContextCustomizerFactory$DuplicateJsonObjectContextCustomizer@4ce1d6d0, org.springframework.boot.test.mock.mockito.MockitoContextCustomizer@0, org.springframework.boot.test.web.client.TestRestTemplateContextCustomizer@40238dd0, org.springframework.boot.test.context.SpringBootTestArgs@1, org.springframework.boot.test.context.SpringBootTestWebEnvironment@10959ece], resourceBasePath = 'src/main/webapp', contextLoader = 'org.springframework.boot.test.context.SpringBootContextLoader', parent = [null]], attributes = map['org.springframework.test.context.web.ServletTestExecutionListener.activateListener' -> true, 'org.springframework.test.context.web.ServletTestExecutionListener.populatedRequestContextHolder' -> true, 'org.springframework.test.context.web.ServletTestExecutionListener.resetRequestContextHolder' -> true, 'org.springframework.test.context.event.ApplicationEventsTestExecutionListener.recordApplicationEvents' -> false]]; transaction manager [org.springframework.orm.jpa.JpaTransactionManager@2c890ee3]; rollback [true]
2022-01-09 15:16:52.052  INFO 51032 --- [    Test worker] o.s.t.c.transaction.TransactionContext   : Rolled back transaction for test: [DefaultTestContext@7240599c testClass = CreateUserTest, testInstance = com.test.task.user.CreateUserTest@a151493, testMethod = test@CreateUserTest, testException = [null], mergedContextConfiguration = [WebMergedContextConfiguration@7359781c testClass = CreateUserTest, locations = '{}', classes = '{class com.test.task.TaskApplication}', contextInitializerClasses = '[]', activeProfiles = '{}', propertySourceLocations = '{}', propertySourceProperties = '{org.springframework.boot.test.context.SpringBootTestContextBootstrapper=true}', contextCustomizers = set[org.springframework.boot.test.autoconfigure.actuate.metrics.MetricsExportContextCustomizerFactory$DisableMetricExportContextCustomizer@7fb95505, org.springframework.boot.test.autoconfigure.properties.PropertyMappingContextCustomizer@ea400cb, org.springframework.boot.test.autoconfigure.web.servlet.WebDriverContextCustomizerFactory$Customizer@3ad2e17, [ImportsContextCustomizer@73985c99 key = [org.springframework.boot.test.autoconfigure.jdbc.TestDatabaseAutoConfiguration, org.springframework.boot.autoconfigure.jdbc.DataSourceAutoConfiguration]], org.springframework.boot.test.context.filter.ExcludeFilterContextCustomizer@535779e4, org.springframework.boot.test.json.DuplicateJsonObjectContextCustomizerFactory$DuplicateJsonObjectContextCustomizer@4ce1d6d0, org.springframework.boot.test.mock.mockito.MockitoContextCustomizer@0, org.springframework.boot.test.web.client.TestRestTemplateContextCustomizer@40238dd0, org.springframework.boot.test.context.SpringBootTestArgs@1, org.springframework.boot.test.context.SpringBootTestWebEnvironment@10959ece], resourceBasePath = 'src/main/webapp', contextLoader = 'org.springframework.boot.test.context.SpringBootContextLoader', parent = [null]], attributes = map['org.springframework.test.context.web.ServletTestExecutionListener.activateListener' -> true, 'org.springframework.test.context.web.ServletTestExecutionListener.populatedRequestContextHolder' -> true, 'org.springframework.test.context.web.ServletTestExecutionListener.resetRequestContextHolder' -> true, 'org.springframework.test.context.event.ApplicationEventsTestExecutionListener.recordApplicationEvents' -> false]]
]]></system-out>
  <system-err><![CDATA[]]></system-err>
</testsuite>
