<?xml version="1.0" encoding="UTF-8"?>
<testsuite name="com.test.task.article.GetArticlesTest" tests="1" skipped="0" failures="0" errors="0" timestamp="2022-01-09T12:16:17" hostname="Mac-mini-Daniil.local" time="9.66">
  <properties/>
  <testcase name="test()" classname="com.test.task.article.GetArticlesTest" time="9.66"/>
  <system-out><![CDATA[2022-01-09 15:16:16.886  INFO 51032 --- [    Test worker] .b.t.c.SpringBootTestContextBootstrapper : Neither @ContextConfiguration nor @ContextHierarchy found for test class [com.test.task.article.GetArticlesTest], using SpringBootContextLoader
2022-01-09 15:16:16.920  INFO 51032 --- [    Test worker] o.s.t.c.support.AbstractContextLoader    : Could not detect default resource locations for test class [com.test.task.article.GetArticlesTest]: no resource found for suffixes {-context.xml, Context.groovy}.
2022-01-09 15:16:16.921  INFO 51032 --- [    Test worker] t.c.s.AnnotationConfigContextLoaderUtils : Could not detect default configuration classes for test class [com.test.task.article.GetArticlesTest]: GetArticlesTest does not declare any static, non-private, non-final, nested classes annotated with @Configuration.
2022-01-09 15:16:16.985  INFO 51032 --- [    Test worker] .b.t.c.SpringBootTestContextBootstrapper : Found @SpringBootConfiguration com.test.task.TaskApplication for test class com.test.task.article.GetArticlesTest
2022-01-09 15:16:16.998  INFO 51032 --- [    Test worker] .b.t.c.SpringBootTestContextBootstrapper : Loaded default TestExecutionListener class names from location [META-INF/spring.factories]: [org.springframework.security.test.context.support.WithSecurityContextTestExecutionListener, org.springframework.security.test.context.support.ReactorContextTestExecutionListener, org.springframework.boot.test.autoconfigure.restdocs.RestDocsTestExecutionListener, org.springframework.boot.test.autoconfigure.web.client.MockRestServiceServerResetTestExecutionListener, org.springframework.boot.test.autoconfigure.web.servlet.MockMvcPrintOnlyOnFailureTestExecutionListener, org.springframework.boot.test.autoconfigure.web.servlet.WebDriverTestExecutionListener, org.springframework.boot.test.autoconfigure.webservices.client.MockWebServiceServerTestExecutionListener, org.springframework.boot.test.mock.mockito.MockitoTestExecutionListener, org.springframework.boot.test.mock.mockito.ResetMocksTestExecutionListener, org.springframework.test.context.web.ServletTestExecutionListener, org.springframework.test.context.support.DirtiesContextBeforeModesTestExecutionListener, org.springframework.test.context.event.ApplicationEventsTestExecutionListener, org.springframework.test.context.support.DependencyInjectionTestExecutionListener, org.springframework.test.context.support.DirtiesContextTestExecutionListener, org.springframework.test.context.transaction.TransactionalTestExecutionListener, org.springframework.test.context.jdbc.SqlScriptsTestExecutionListener, org.springframework.test.context.event.EventPublishingTestExecutionListener]
2022-01-09 15:16:17.000  INFO 51032 --- [    Test worker] .b.t.c.SpringBootTestContextBootstrapper : Using TestExecutionListeners: [org.springframework.test.context.web.ServletTestExecutionListener@564d9ec2, org.springframework.test.context.support.DirtiesContextBeforeModesTestExecutionListener@4104b585, org.springframework.test.context.event.ApplicationEventsTestExecutionListener@ac3739d, org.springframework.boot.test.mock.mockito.MockitoTestExecutionListener@6dad684f, org.springframework.boot.test.autoconfigure.SpringBootDependencyInjectionTestExecutionListener@572c50b6, org.springframework.test.context.support.DirtiesContextTestExecutionListener@33606f4b, org.springframework.test.context.transaction.TransactionalTestExecutionListener@222ebd21, org.springframework.test.context.jdbc.SqlScriptsTestExecutionListener@24c7563b, org.springframework.security.test.context.support.WithSecurityContextTestExecutionListener@115b0bf5, org.springframework.test.context.event.EventPublishingTestExecutionListener@21f134a2, org.springframework.security.test.context.support.ReactorContextTestExecutionListener@76e14208, org.springframework.boot.test.autoconfigure.restdocs.RestDocsTestExecutionListener@6809a461, org.springframework.boot.test.autoconfigure.web.client.MockRestServiceServerResetTestExecutionListener@21440e36, org.springframework.boot.test.autoconfigure.web.servlet.MockMvcPrintOnlyOnFailureTestExecutionListener@9b87a98, org.springframework.boot.test.autoconfigure.web.servlet.WebDriverTestExecutionListener@75b598a5, org.springframework.boot.test.autoconfigure.webservices.client.MockWebServiceServerTestExecutionListener@50ba10de, org.springframework.boot.test.mock.mockito.ResetMocksTestExecutionListener@518e9141]
2022-01-09 15:16:17.063  INFO 51032 --- [    Test worker] j.LocalContainerEntityManagerFactoryBean : Closing JPA EntityManagerFactory for persistence unit 'default'
2022-01-09 15:16:17.064  INFO 51032 --- [    Test worker] com.zaxxer.hikari.HikariDataSource       : HikariPool-4 - Shutdown initiated...
2022-01-09 15:16:17.081  INFO 51032 --- [    Test worker] com.zaxxer.hikari.HikariDataSource       : HikariPool-4 - Shutdown completed.

  .   ____          _            __ _ _
 /\\ / ___'_ __ _ _(_)_ __  __ _ \ \ \ \
( ( )\___ | '_ | '_| | '_ \/ _` | \ \ \ \
 \\/  ___)| |_)| | | | | || (_| |  ) ) ) )
  '  |____| .__|_| |_|_| |_\__, | / / / /
 =========|_|==============|___/=/_/_/_/
 :: Spring Boot ::                (v2.6.2)

2022-01-09 15:16:22.342  INFO 51032 --- [    Test worker] com.test.task.article.GetArticlesTest    : Starting GetArticlesTest using Java 17.0.1 on Mac-mini-Daniil.local with PID 51032 (started by daniil in /Users/daniil/Documents/Projects/Task)
2022-01-09 15:16:22.343  INFO 51032 --- [    Test worker] com.test.task.article.GetArticlesTest    : No active profile set, falling back to default profiles: default
2022-01-09 15:16:23.114  INFO 51032 --- [    Test worker] .s.d.r.c.RepositoryConfigurationDelegate : Bootstrapping Spring Data JPA repositories in DEFAULT mode.
2022-01-09 15:16:23.138  INFO 51032 --- [    Test worker] .s.d.r.c.RepositoryConfigurationDelegate : Finished Spring Data repository scanning in 23 ms. Found 2 JPA repository interfaces.
2022-01-09 15:16:23.621  INFO 51032 --- [    Test worker] com.zaxxer.hikari.HikariDataSource       : HikariPool-5 - Starting...
2022-01-09 15:16:23.662  INFO 51032 --- [    Test worker] com.zaxxer.hikari.HikariDataSource       : HikariPool-5 - Start completed.
2022-01-09 15:16:23.734  INFO 51032 --- [    Test worker] o.hibernate.jpa.internal.util.LogHelper  : HHH000204: Processing PersistenceUnitInfo [name: default]
2022-01-09 15:16:23.743  INFO 51032 --- [    Test worker] org.hibernate.dialect.Dialect            : HHH000400: Using dialect: org.hibernate.dialect.PostgreSQL10Dialect
2022-01-09 15:16:24.068  INFO 51032 --- [    Test worker] o.h.e.t.j.p.i.JtaPlatformInitiator       : HHH000490: Using JtaPlatform implementation: [org.hibernate.engine.transaction.jta.platform.internal.NoJtaPlatform]
2022-01-09 15:16:24.069  INFO 51032 --- [    Test worker] j.LocalContainerEntityManagerFactoryBean : Initialized JPA EntityManagerFactory for persistence unit 'default'
2022-01-09 15:16:24.414  WARN 51032 --- [    Test worker] JpaBaseConfiguration$JpaWebConfiguration : spring.jpa.open-in-view is enabled by default. Therefore, database queries may be performed during view rendering. Explicitly configure spring.jpa.open-in-view to disable this warning
2022-01-09 15:16:24.775  INFO 51032 --- [    Test worker] o.s.s.web.DefaultSecurityFilterChain     : Will secure any request with [org.springframework.security.web.context.request.async.WebAsyncManagerIntegrationFilter@193b6f5b, org.springframework.security.web.context.SecurityContextPersistenceFilter@12b9d405, org.springframework.security.web.header.HeaderWriterFilter@106c4a72, org.springframework.security.web.authentication.logout.LogoutFilter@c5dc3db, com.test.task.configuration.JwtFilter@1a26eecb, org.springframework.security.web.savedrequest.RequestCacheAwareFilter@3e4d197, org.springframework.security.web.servletapi.SecurityContextHolderAwareRequestFilter@222557fc, org.springframework.security.web.authentication.AnonymousAuthenticationFilter@2fd16368, org.springframework.security.web.session.SessionManagementFilter@3d2e1d18, org.springframework.security.web.access.ExceptionTranslationFilter@6a271c2b, org.springframework.security.web.access.intercept.FilterSecurityInterceptor@3699c795]
2022-01-09 15:16:26.469  INFO 51032 --- [    Test worker] com.test.task.article.GetArticlesTest    : Started GetArticlesTest in 9.385 seconds (JVM running for 116.686)
2022-01-09 15:16:26.478  INFO 51032 --- [    Test worker] o.s.t.c.transaction.TransactionContext   : Began transaction (1) for test context [DefaultTestContext@4746d52d testClass = GetArticlesTest, testInstance = com.test.task.article.GetArticlesTest@4d0927df, testMethod = test@GetArticlesTest, testException = [null], mergedContextConfiguration = [WebMergedContextConfiguration@1b0e81b3 testClass = GetArticlesTest, locations = '{}', classes = '{class com.test.task.TaskApplication}', contextInitializerClasses = '[]', activeProfiles = '{}', propertySourceLocations = '{}', propertySourceProperties = '{org.springframework.boot.test.context.SpringBootTestContextBootstrapper=true}', contextCustomizers = set[org.springframework.boot.test.autoconfigure.actuate.metrics.MetricsExportContextCustomizerFactory$DisableMetricExportContextCustomizer@7fb95505, org.springframework.boot.test.autoconfigure.properties.PropertyMappingContextCustomizer@ea400cb, org.springframework.boot.test.autoconfigure.web.servlet.WebDriverContextCustomizerFactory$Customizer@3ad2e17, [ImportsContextCustomizer@59da32ad key = [org.springframework.boot.test.autoconfigure.jdbc.TestDatabaseAutoConfiguration, org.springframework.boot.autoconfigure.jdbc.DataSourceAutoConfiguration]], org.springframework.boot.test.context.filter.ExcludeFilterContextCustomizer@535779e4, org.springframework.boot.test.json.DuplicateJsonObjectContextCustomizerFactory$DuplicateJsonObjectContextCustomizer@4ce1d6d0, org.springframework.boot.test.mock.mockito.MockitoContextCustomizer@0, org.springframework.boot.test.web.client.TestRestTemplateContextCustomizer@40238dd0, org.springframework.boot.test.context.SpringBootTestArgs@1, org.springframework.boot.test.context.SpringBootTestWebEnvironment@10959ece], resourceBasePath = 'src/main/webapp', contextLoader = 'org.springframework.boot.test.context.SpringBootContextLoader', parent = [null]], attributes = map['org.springframework.test.context.web.ServletTestExecutionListener.activateListener' -> true, 'org.springframework.test.context.web.ServletTestExecutionListener.populatedRequestContextHolder' -> true, 'org.springframework.test.context.web.ServletTestExecutionListener.resetRequestContextHolder' -> true, 'org.springframework.test.context.event.ApplicationEventsTestExecutionListener.recordApplicationEvents' -> false]]; transaction manager [org.springframework.orm.jpa.JpaTransactionManager@73032867]; rollback [true]
2022-01-09 15:16:26.705  INFO 51032 --- [    Test worker] o.s.t.c.transaction.TransactionContext   : Rolled back transaction for test: [DefaultTestContext@4746d52d testClass = GetArticlesTest, testInstance = com.test.task.article.GetArticlesTest@4d0927df, testMethod = test@GetArticlesTest, testException = [null], mergedContextConfiguration = [WebMergedContextConfiguration@1b0e81b3 testClass = GetArticlesTest, locations = '{}', classes = '{class com.test.task.TaskApplication}', contextInitializerClasses = '[]', activeProfiles = '{}', propertySourceLocations = '{}', propertySourceProperties = '{org.springframework.boot.test.context.SpringBootTestContextBootstrapper=true}', contextCustomizers = set[org.springframework.boot.test.autoconfigure.actuate.metrics.MetricsExportContextCustomizerFactory$DisableMetricExportContextCustomizer@7fb95505, org.springframework.boot.test.autoconfigure.properties.PropertyMappingContextCustomizer@ea400cb, org.springframework.boot.test.autoconfigure.web.servlet.WebDriverContextCustomizerFactory$Customizer@3ad2e17, [ImportsContextCustomizer@59da32ad key = [org.springframework.boot.test.autoconfigure.jdbc.TestDatabaseAutoConfiguration, org.springframework.boot.autoconfigure.jdbc.DataSourceAutoConfiguration]], org.springframework.boot.test.context.filter.ExcludeFilterContextCustomizer@535779e4, org.springframework.boot.test.json.DuplicateJsonObjectContextCustomizerFactory$DuplicateJsonObjectContextCustomizer@4ce1d6d0, org.springframework.boot.test.mock.mockito.MockitoContextCustomizer@0, org.springframework.boot.test.web.client.TestRestTemplateContextCustomizer@40238dd0, org.springframework.boot.test.context.SpringBootTestArgs@1, org.springframework.boot.test.context.SpringBootTestWebEnvironment@10959ece], resourceBasePath = 'src/main/webapp', contextLoader = 'org.springframework.boot.test.context.SpringBootContextLoader', parent = [null]], attributes = map['org.springframework.test.context.web.ServletTestExecutionListener.activateListener' -> true, 'org.springframework.test.context.web.ServletTestExecutionListener.populatedRequestContextHolder' -> true, 'org.springframework.test.context.web.ServletTestExecutionListener.resetRequestContextHolder' -> true, 'org.springframework.test.context.event.ApplicationEventsTestExecutionListener.recordApplicationEvents' -> false]]
]]></system-out>
  <system-err><![CDATA[]]></system-err>
</testsuite>
