<?xml version="1.0" encoding="UTF-8"?>
<testsuite name="com.test.task.user.GetUsersTest" tests="1" skipped="0" failures="0" errors="0" timestamp="2022-01-09T12:16:55" hostname="Mac-mini-Daniil.local" time="8.582">
  <properties/>
  <testcase name="test()" classname="com.test.task.user.GetUsersTest" time="8.582"/>
  <system-out><![CDATA[2022-01-09 15:16:55.394  INFO 51032 --- [    Test worker] .b.t.c.SpringBootTestContextBootstrapper : Neither @ContextConfiguration nor @ContextHierarchy found for test class [com.test.task.user.GetUsersTest], using SpringBootContextLoader
2022-01-09 15:16:55.394  INFO 51032 --- [    Test worker] o.s.t.c.support.AbstractContextLoader    : Could not detect default resource locations for test class [com.test.task.user.GetUsersTest]: no resource found for suffixes {-context.xml, Context.groovy}.
2022-01-09 15:16:55.395  INFO 51032 --- [    Test worker] t.c.s.AnnotationConfigContextLoaderUtils : Could not detect default configuration classes for test class [com.test.task.user.GetUsersTest]: GetUsersTest does not declare any static, non-private, non-final, nested classes annotated with @Configuration.
2022-01-09 15:16:55.397  INFO 51032 --- [    Test worker] .b.t.c.SpringBootTestContextBootstrapper : Found @SpringBootConfiguration com.test.task.TaskApplication for test class com.test.task.user.GetUsersTest
2022-01-09 15:16:55.399  INFO 51032 --- [    Test worker] .b.t.c.SpringBootTestContextBootstrapper : Loaded default TestExecutionListener class names from location [META-INF/spring.factories]: [org.springframework.security.test.context.support.WithSecurityContextTestExecutionListener, org.springframework.security.test.context.support.ReactorContextTestExecutionListener, org.springframework.boot.test.autoconfigure.restdocs.RestDocsTestExecutionListener, org.springframework.boot.test.autoconfigure.web.client.MockRestServiceServerResetTestExecutionListener, org.springframework.boot.test.autoconfigure.web.servlet.MockMvcPrintOnlyOnFailureTestExecutionListener, org.springframework.boot.test.autoconfigure.web.servlet.WebDriverTestExecutionListener, org.springframework.boot.test.autoconfigure.webservices.client.MockWebServiceServerTestExecutionListener, org.springframework.boot.test.mock.mockito.MockitoTestExecutionListener, org.springframework.boot.test.mock.mockito.ResetMocksTestExecutionListener, org.springframework.test.context.web.ServletTestExecutionListener, org.springframework.test.context.support.DirtiesContextBeforeModesTestExecutionListener, org.springframework.test.context.event.ApplicationEventsTestExecutionListener, org.springframework.test.context.support.DependencyInjectionTestExecutionListener, org.springframework.test.context.support.DirtiesContextTestExecutionListener, org.springframework.test.context.transaction.TransactionalTestExecutionListener, org.springframework.test.context.jdbc.SqlScriptsTestExecutionListener, org.springframework.test.context.event.EventPublishingTestExecutionListener]
2022-01-09 15:16:55.400  INFO 51032 --- [    Test worker] .b.t.c.SpringBootTestContextBootstrapper : Using TestExecutionListeners: [org.springframework.test.context.web.ServletTestExecutionListener@3bf572e0, org.springframework.test.context.support.DirtiesContextBeforeModesTestExecutionListener@2089ea49, org.springframework.test.context.event.ApplicationEventsTestExecutionListener@1fc52b51, org.springframework.boot.test.mock.mockito.MockitoTestExecutionListener@5bd3d747, org.springframework.boot.test.autoconfigure.SpringBootDependencyInjectionTestExecutionListener@4ba1ccaf, org.springframework.test.context.support.DirtiesContextTestExecutionListener@2495bc30, org.springframework.test.context.transaction.TransactionalTestExecutionListener@12bc9450, org.springframework.test.context.jdbc.SqlScriptsTestExecutionListener@571010af, org.springframework.security.test.context.support.WithSecurityContextTestExecutionListener@12917a56, org.springframework.test.context.event.EventPublishingTestExecutionListener@1bec2008, org.springframework.security.test.context.support.ReactorContextTestExecutionListener@6d043931, org.springframework.boot.test.autoconfigure.restdocs.RestDocsTestExecutionListener@3ac6c956, org.springframework.boot.test.autoconfigure.web.client.MockRestServiceServerResetTestExecutionListener@239c4792, org.springframework.boot.test.autoconfigure.web.servlet.MockMvcPrintOnlyOnFailureTestExecutionListener@598acf89, org.springframework.boot.test.autoconfigure.web.servlet.WebDriverTestExecutionListener@150ba838, org.springframework.boot.test.autoconfigure.webservices.client.MockWebServiceServerTestExecutionListener@198b4fb6, org.springframework.boot.test.mock.mockito.ResetMocksTestExecutionListener@58ea2bc2]
2022-01-09 15:16:55.421  INFO 51032 --- [    Test worker] j.LocalContainerEntityManagerFactoryBean : Closing JPA EntityManagerFactory for persistence unit 'default'
2022-01-09 15:16:55.422  INFO 51032 --- [    Test worker] com.zaxxer.hikari.HikariDataSource       : HikariPool-10 - Shutdown initiated...
2022-01-09 15:16:55.431  INFO 51032 --- [    Test worker] com.zaxxer.hikari.HikariDataSource       : HikariPool-10 - Shutdown completed.

  .   ____          _            __ _ _
 /\\ / ___'_ __ _ _(_)_ __  __ _ \ \ \ \
( ( )\___ | '_ | '_| | '_ \/ _` | \ \ \ \
 \\/  ___)| |_)| | | | | || (_| |  ) ) ) )
  '  |____| .__|_| |_|_| |_\__, | / / / /
 =========|_|==============|___/=/_/_/_/
 :: Spring Boot ::                (v2.6.2)

2022-01-09 15:17:00.489  INFO 51032 --- [    Test worker] com.test.task.user.GetUsersTest          : Starting GetUsersTest using Java 17.0.1 on Mac-mini-Daniil.local with PID 51032 (started by daniil in /Users/daniil/Documents/Projects/Task)
2022-01-09 15:17:00.489  INFO 51032 --- [    Test worker] com.test.task.user.GetUsersTest          : No active profile set, falling back to default profiles: default
2022-01-09 15:17:00.847  INFO 51032 --- [    Test worker] .s.d.r.c.RepositoryConfigurationDelegate : Bootstrapping Spring Data JPA repositories in DEFAULT mode.
2022-01-09 15:17:00.882  INFO 51032 --- [    Test worker] .s.d.r.c.RepositoryConfigurationDelegate : Finished Spring Data repository scanning in 34 ms. Found 2 JPA repository interfaces.
2022-01-09 15:17:01.130  INFO 51032 --- [    Test worker] com.zaxxer.hikari.HikariDataSource       : HikariPool-11 - Starting...
2022-01-09 15:17:01.152  INFO 51032 --- [    Test worker] com.zaxxer.hikari.HikariDataSource       : HikariPool-11 - Start completed.
2022-01-09 15:17:01.180  INFO 51032 --- [    Test worker] o.hibernate.jpa.internal.util.LogHelper  : HHH000204: Processing PersistenceUnitInfo [name: default]
2022-01-09 15:17:01.188  INFO 51032 --- [    Test worker] org.hibernate.dialect.Dialect            : HHH000400: Using dialect: org.hibernate.dialect.PostgreSQL10Dialect
2022-01-09 15:17:01.444  INFO 51032 --- [    Test worker] o.h.e.t.j.p.i.JtaPlatformInitiator       : HHH000490: Using JtaPlatform implementation: [org.hibernate.engine.transaction.jta.platform.internal.NoJtaPlatform]
2022-01-09 15:17:01.444  INFO 51032 --- [    Test worker] j.LocalContainerEntityManagerFactoryBean : Initialized JPA EntityManagerFactory for persistence unit 'default'
2022-01-09 15:17:01.781  WARN 51032 --- [    Test worker] JpaBaseConfiguration$JpaWebConfiguration : spring.jpa.open-in-view is enabled by default. Therefore, database queries may be performed during view rendering. Explicitly configure spring.jpa.open-in-view to disable this warning
2022-01-09 15:17:01.990  INFO 51032 --- [    Test worker] o.s.s.web.DefaultSecurityFilterChain     : Will secure any request with [org.springframework.security.web.context.request.async.WebAsyncManagerIntegrationFilter@52e7bed1, org.springframework.security.web.context.SecurityContextPersistenceFilter@d2ce743, org.springframework.security.web.header.HeaderWriterFilter@536e5b21, org.springframework.security.web.authentication.logout.LogoutFilter@661a5ac0, com.test.task.configuration.JwtFilter@1856a312, org.springframework.security.web.savedrequest.RequestCacheAwareFilter@68194ca4, org.springframework.security.web.servletapi.SecurityContextHolderAwareRequestFilter@3f745640, org.springframework.security.web.authentication.AnonymousAuthenticationFilter@75adbfae, org.springframework.security.web.session.SessionManagementFilter@794f2bdf, org.springframework.security.web.access.ExceptionTranslationFilter@202001a4, org.springframework.security.web.access.intercept.FilterSecurityInterceptor@34f3448a]
2022-01-09 15:17:03.210  INFO 51032 --- [    Test worker] com.test.task.user.GetUsersTest          : Started GetUsersTest in 7.763 seconds (JVM running for 153.427)
2022-01-09 15:17:03.216  INFO 51032 --- [    Test worker] o.s.t.c.transaction.TransactionContext   : Began transaction (1) for test context [DefaultTestContext@2a3e1e53 testClass = GetUsersTest, testInstance = com.test.task.user.GetUsersTest@25c7713e, testMethod = test@GetUsersTest, testException = [null], mergedContextConfiguration = [WebMergedContextConfiguration@18f28f20 testClass = GetUsersTest, locations = '{}', classes = '{class com.test.task.TaskApplication}', contextInitializerClasses = '[]', activeProfiles = '{}', propertySourceLocations = '{}', propertySourceProperties = '{org.springframework.boot.test.context.SpringBootTestContextBootstrapper=true}', contextCustomizers = set[org.springframework.boot.test.autoconfigure.actuate.metrics.MetricsExportContextCustomizerFactory$DisableMetricExportContextCustomizer@7fb95505, org.springframework.boot.test.autoconfigure.properties.PropertyMappingContextCustomizer@ea400cb, org.springframework.boot.test.autoconfigure.web.servlet.WebDriverContextCustomizerFactory$Customizer@3ad2e17, [ImportsContextCustomizer@2966bca2 key = [org.springframework.boot.test.autoconfigure.jdbc.TestDatabaseAutoConfiguration, org.springframework.boot.autoconfigure.jdbc.DataSourceAutoConfiguration]], org.springframework.boot.test.context.filter.ExcludeFilterContextCustomizer@535779e4, org.springframework.boot.test.json.DuplicateJsonObjectContextCustomizerFactory$DuplicateJsonObjectContextCustomizer@4ce1d6d0, org.springframework.boot.test.mock.mockito.MockitoContextCustomizer@0, org.springframework.boot.test.web.client.TestRestTemplateContextCustomizer@40238dd0, org.springframework.boot.test.context.SpringBootTestArgs@1, org.springframework.boot.test.context.SpringBootTestWebEnvironment@10959ece], resourceBasePath = 'src/main/webapp', contextLoader = 'org.springframework.boot.test.context.SpringBootContextLoader', parent = [null]], attributes = map['org.springframework.test.context.web.ServletTestExecutionListener.activateListener' -> true, 'org.springframework.test.context.web.ServletTestExecutionListener.populatedRequestContextHolder' -> true, 'org.springframework.test.context.web.ServletTestExecutionListener.resetRequestContextHolder' -> true, 'org.springframework.test.context.event.ApplicationEventsTestExecutionListener.recordApplicationEvents' -> false]]; transaction manager [org.springframework.orm.jpa.JpaTransactionManager@6a67e945]; rollback [true]
2022-01-09 15:17:03.994  INFO 51032 --- [    Test worker] o.s.t.c.transaction.TransactionContext   : Rolled back transaction for test: [DefaultTestContext@2a3e1e53 testClass = GetUsersTest, testInstance = com.test.task.user.GetUsersTest@25c7713e, testMethod = test@GetUsersTest, testException = [null], mergedContextConfiguration = [WebMergedContextConfiguration@18f28f20 testClass = GetUsersTest, locations = '{}', classes = '{class com.test.task.TaskApplication}', contextInitializerClasses = '[]', activeProfiles = '{}', propertySourceLocations = '{}', propertySourceProperties = '{org.springframework.boot.test.context.SpringBootTestContextBootstrapper=true}', contextCustomizers = set[org.springframework.boot.test.autoconfigure.actuate.metrics.MetricsExportContextCustomizerFactory$DisableMetricExportContextCustomizer@7fb95505, org.springframework.boot.test.autoconfigure.properties.PropertyMappingContextCustomizer@ea400cb, org.springframework.boot.test.autoconfigure.web.servlet.WebDriverContextCustomizerFactory$Customizer@3ad2e17, [ImportsContextCustomizer@2966bca2 key = [org.springframework.boot.test.autoconfigure.jdbc.TestDatabaseAutoConfiguration, org.springframework.boot.autoconfigure.jdbc.DataSourceAutoConfiguration]], org.springframework.boot.test.context.filter.ExcludeFilterContextCustomizer@535779e4, org.springframework.boot.test.json.DuplicateJsonObjectContextCustomizerFactory$DuplicateJsonObjectContextCustomizer@4ce1d6d0, org.springframework.boot.test.mock.mockito.MockitoContextCustomizer@0, org.springframework.boot.test.web.client.TestRestTemplateContextCustomizer@40238dd0, org.springframework.boot.test.context.SpringBootTestArgs@1, org.springframework.boot.test.context.SpringBootTestWebEnvironment@10959ece], resourceBasePath = 'src/main/webapp', contextLoader = 'org.springframework.boot.test.context.SpringBootContextLoader', parent = [null]], attributes = map['org.springframework.test.context.web.ServletTestExecutionListener.activateListener' -> true, 'org.springframework.test.context.web.ServletTestExecutionListener.populatedRequestContextHolder' -> true, 'org.springframework.test.context.web.ServletTestExecutionListener.resetRequestContextHolder' -> true, 'org.springframework.test.context.event.ApplicationEventsTestExecutionListener.recordApplicationEvents' -> false]]
]]></system-out>
  <system-err><![CDATA[]]></system-err>
</testsuite>
