<?xml version="1.0" encoding="UTF-8"?>
<testsuite name="com.test.task.user.UpdateUserTest" tests="1" skipped="0" failures="0" errors="0" timestamp="2022-01-09T12:17:07" hostname="Mac-mini-Daniil.local" time="12.247">
  <properties/>
  <testcase name="test()" classname="com.test.task.user.UpdateUserTest" time="12.247"/>
  <system-out><![CDATA[2022-01-09 15:17:07.124  INFO 51032 --- [    Test worker] .b.t.c.SpringBootTestContextBootstrapper : Neither @ContextConfiguration nor @ContextHierarchy found for test class [com.test.task.user.UpdateUserTest], using SpringBootContextLoader
2022-01-09 15:17:07.127  INFO 51032 --- [    Test worker] o.s.t.c.support.AbstractContextLoader    : Could not detect default resource locations for test class [com.test.task.user.UpdateUserTest]: no resource found for suffixes {-context.xml, Context.groovy}.
2022-01-09 15:17:07.127  INFO 51032 --- [    Test worker] t.c.s.AnnotationConfigContextLoaderUtils : Could not detect default configuration classes for test class [com.test.task.user.UpdateUserTest]: UpdateUserTest does not declare any static, non-private, non-final, nested classes annotated with @Configuration.
2022-01-09 15:17:07.131  INFO 51032 --- [    Test worker] .b.t.c.SpringBootTestContextBootstrapper : Found @SpringBootConfiguration com.test.task.TaskApplication for test class com.test.task.user.UpdateUserTest
2022-01-09 15:17:07.137  INFO 51032 --- [    Test worker] .b.t.c.SpringBootTestContextBootstrapper : Loaded default TestExecutionListener class names from location [META-INF/spring.factories]: [org.springframework.security.test.context.support.WithSecurityContextTestExecutionListener, org.springframework.security.test.context.support.ReactorContextTestExecutionListener, org.springframework.boot.test.autoconfigure.restdocs.RestDocsTestExecutionListener, org.springframework.boot.test.autoconfigure.web.client.MockRestServiceServerResetTestExecutionListener, org.springframework.boot.test.autoconfigure.web.servlet.MockMvcPrintOnlyOnFailureTestExecutionListener, org.springframework.boot.test.autoconfigure.web.servlet.WebDriverTestExecutionListener, org.springframework.boot.test.autoconfigure.webservices.client.MockWebServiceServerTestExecutionListener, org.springframework.boot.test.mock.mockito.MockitoTestExecutionListener, org.springframework.boot.test.mock.mockito.ResetMocksTestExecutionListener, org.springframework.test.context.web.ServletTestExecutionListener, org.springframework.test.context.support.DirtiesContextBeforeModesTestExecutionListener, org.springframework.test.context.event.ApplicationEventsTestExecutionListener, org.springframework.test.context.support.DependencyInjectionTestExecutionListener, org.springframework.test.context.support.DirtiesContextTestExecutionListener, org.springframework.test.context.transaction.TransactionalTestExecutionListener, org.springframework.test.context.jdbc.SqlScriptsTestExecutionListener, org.springframework.test.context.event.EventPublishingTestExecutionListener]
2022-01-09 15:17:07.142  INFO 51032 --- [    Test worker] .b.t.c.SpringBootTestContextBootstrapper : Using TestExecutionListeners: [org.springframework.test.context.web.ServletTestExecutionListener@5dfb0e1e, org.springframework.test.context.support.DirtiesContextBeforeModesTestExecutionListener@2f539c9b, org.springframework.test.context.event.ApplicationEventsTestExecutionListener@6580f76c, org.springframework.boot.test.mock.mockito.MockitoTestExecutionListener@6980d3b3, org.springframework.boot.test.autoconfigure.SpringBootDependencyInjectionTestExecutionListener@6c8eab63, org.springframework.test.context.support.DirtiesContextTestExecutionListener@5f0a452d, org.springframework.test.context.transaction.TransactionalTestExecutionListener@3dd3f237, org.springframework.test.context.jdbc.SqlScriptsTestExecutionListener@52a1a375, org.springframework.security.test.context.support.WithSecurityContextTestExecutionListener@4bedcff1, org.springframework.test.context.event.EventPublishingTestExecutionListener@4643d88c, org.springframework.security.test.context.support.ReactorContextTestExecutionListener@64a3d839, org.springframework.boot.test.autoconfigure.restdocs.RestDocsTestExecutionListener@3b4675d3, org.springframework.boot.test.autoconfigure.web.client.MockRestServiceServerResetTestExecutionListener@1e71b70d, org.springframework.boot.test.autoconfigure.web.servlet.MockMvcPrintOnlyOnFailureTestExecutionListener@46ae8bf7, org.springframework.boot.test.autoconfigure.web.servlet.WebDriverTestExecutionListener@3c36f10b, org.springframework.boot.test.autoconfigure.webservices.client.MockWebServiceServerTestExecutionListener@3456e3b3, org.springframework.boot.test.mock.mockito.ResetMocksTestExecutionListener@270cf3eb]
2022-01-09 15:17:07.151  INFO 51032 --- [    Test worker] j.LocalContainerEntityManagerFactoryBean : Closing JPA EntityManagerFactory for persistence unit 'default'
2022-01-09 15:17:07.152  INFO 51032 --- [    Test worker] com.zaxxer.hikari.HikariDataSource       : HikariPool-12 - Shutdown initiated...
2022-01-09 15:17:07.165  INFO 51032 --- [    Test worker] com.zaxxer.hikari.HikariDataSource       : HikariPool-12 - Shutdown completed.

  .   ____          _            __ _ _
 /\\ / ___'_ __ _ _(_)_ __  __ _ \ \ \ \
( ( )\___ | '_ | '_| | '_ \/ _` | \ \ \ \
 \\/  ___)| |_)| | | | | || (_| |  ) ) ) )
  '  |____| .__|_| |_|_| |_\__, | / / / /
 =========|_|==============|___/=/_/_/_/
 :: Spring Boot ::                (v2.6.2)

2022-01-09 15:17:12.199  INFO 51032 --- [    Test worker] com.test.task.user.UpdateUserTest        : Starting UpdateUserTest using Java 17.0.1 on Mac-mini-Daniil.local with PID 51032 (started by daniil in /Users/daniil/Documents/Projects/Task)
2022-01-09 15:17:12.200  INFO 51032 --- [    Test worker] com.test.task.user.UpdateUserTest        : No active profile set, falling back to default profiles: default
2022-01-09 15:17:12.492  INFO 51032 --- [    Test worker] .s.d.r.c.RepositoryConfigurationDelegate : Bootstrapping Spring Data JPA repositories in DEFAULT mode.
2022-01-09 15:17:12.564  INFO 51032 --- [    Test worker] .s.d.r.c.RepositoryConfigurationDelegate : Finished Spring Data repository scanning in 71 ms. Found 2 JPA repository interfaces.
2022-01-09 15:17:12.847  INFO 51032 --- [    Test worker] com.zaxxer.hikari.HikariDataSource       : HikariPool-13 - Starting...
2022-01-09 15:17:12.864  INFO 51032 --- [    Test worker] com.zaxxer.hikari.HikariDataSource       : HikariPool-13 - Start completed.
2022-01-09 15:17:12.902  INFO 51032 --- [    Test worker] o.hibernate.jpa.internal.util.LogHelper  : HHH000204: Processing PersistenceUnitInfo [name: default]
2022-01-09 15:17:12.912  INFO 51032 --- [    Test worker] org.hibernate.dialect.Dialect            : HHH000400: Using dialect: org.hibernate.dialect.PostgreSQL10Dialect
2022-01-09 15:17:13.207  INFO 51032 --- [    Test worker] o.h.e.t.j.p.i.JtaPlatformInitiator       : HHH000490: Using JtaPlatform implementation: [org.hibernate.engine.transaction.jta.platform.internal.NoJtaPlatform]
2022-01-09 15:17:13.210  INFO 51032 --- [    Test worker] j.LocalContainerEntityManagerFactoryBean : Initialized JPA EntityManagerFactory for persistence unit 'default'
2022-01-09 15:17:13.452  WARN 51032 --- [    Test worker] JpaBaseConfiguration$JpaWebConfiguration : spring.jpa.open-in-view is enabled by default. Therefore, database queries may be performed during view rendering. Explicitly configure spring.jpa.open-in-view to disable this warning
2022-01-09 15:17:13.962  INFO 51032 --- [    Test worker] o.s.s.web.DefaultSecurityFilterChain     : Will secure any request with [org.springframework.security.web.context.request.async.WebAsyncManagerIntegrationFilter@7dd322a, org.springframework.security.web.context.SecurityContextPersistenceFilter@26300f29, org.springframework.security.web.header.HeaderWriterFilter@1264bde8, org.springframework.security.web.authentication.logout.LogoutFilter@4493ddbf, com.test.task.configuration.JwtFilter@202684ba, org.springframework.security.web.savedrequest.RequestCacheAwareFilter@9addea4, org.springframework.security.web.servletapi.SecurityContextHolderAwareRequestFilter@715e518, org.springframework.security.web.authentication.AnonymousAuthenticationFilter@47dd6579, org.springframework.security.web.session.SessionManagementFilter@63ce19a, org.springframework.security.web.access.ExceptionTranslationFilter@2dd61113, org.springframework.security.web.access.intercept.FilterSecurityInterceptor@47aac663]
2022-01-09 15:17:18.432  INFO 51032 --- [    Test worker] com.test.task.user.UpdateUserTest        : Started UpdateUserTest in 11.265 seconds (JVM running for 168.649)
2022-01-09 15:17:18.443  INFO 51032 --- [    Test worker] o.s.t.c.transaction.TransactionContext   : Began transaction (1) for test context [DefaultTestContext@2ad404c0 testClass = UpdateUserTest, testInstance = com.test.task.user.UpdateUserTest@41285940, testMethod = test@UpdateUserTest, testException = [null], mergedContextConfiguration = [WebMergedContextConfiguration@7d31b371 testClass = UpdateUserTest, locations = '{}', classes = '{class com.test.task.TaskApplication}', contextInitializerClasses = '[]', activeProfiles = '{}', propertySourceLocations = '{}', propertySourceProperties = '{org.springframework.boot.test.context.SpringBootTestContextBootstrapper=true}', contextCustomizers = set[org.springframework.boot.test.autoconfigure.actuate.metrics.MetricsExportContextCustomizerFactory$DisableMetricExportContextCustomizer@7fb95505, org.springframework.boot.test.autoconfigure.properties.PropertyMappingContextCustomizer@ea400cb, org.springframework.boot.test.autoconfigure.web.servlet.WebDriverContextCustomizerFactory$Customizer@3ad2e17, [ImportsContextCustomizer@7f8ab926 key = [org.springframework.boot.test.autoconfigure.jdbc.TestDatabaseAutoConfiguration, org.springframework.boot.autoconfigure.jdbc.DataSourceAutoConfiguration]], org.springframework.boot.test.context.filter.ExcludeFilterContextCustomizer@535779e4, org.springframework.boot.test.json.DuplicateJsonObjectContextCustomizerFactory$DuplicateJsonObjectContextCustomizer@4ce1d6d0, org.springframework.boot.test.mock.mockito.MockitoContextCustomizer@0, org.springframework.boot.test.web.client.TestRestTemplateContextCustomizer@40238dd0, org.springframework.boot.test.context.SpringBootTestArgs@1, org.springframework.boot.test.context.SpringBootTestWebEnvironment@10959ece], resourceBasePath = 'src/main/webapp', contextLoader = 'org.springframework.boot.test.context.SpringBootContextLoader', parent = [null]], attributes = map['org.springframework.test.context.web.ServletTestExecutionListener.activateListener' -> true, 'org.springframework.test.context.web.ServletTestExecutionListener.populatedRequestContextHolder' -> true, 'org.springframework.test.context.web.ServletTestExecutionListener.resetRequestContextHolder' -> true, 'org.springframework.test.context.event.ApplicationEventsTestExecutionListener.recordApplicationEvents' -> false]]; transaction manager [org.springframework.orm.jpa.JpaTransactionManager@2df2d46d]; rollback [true]
2022-01-09 15:17:19.394  INFO 51032 --- [    Test worker] o.s.t.c.transaction.TransactionContext   : Rolled back transaction for test: [DefaultTestContext@2ad404c0 testClass = UpdateUserTest, testInstance = com.test.task.user.UpdateUserTest@41285940, testMethod = test@UpdateUserTest, testException = [null], mergedContextConfiguration = [WebMergedContextConfiguration@7d31b371 testClass = UpdateUserTest, locations = '{}', classes = '{class com.test.task.TaskApplication}', contextInitializerClasses = '[]', activeProfiles = '{}', propertySourceLocations = '{}', propertySourceProperties = '{org.springframework.boot.test.context.SpringBootTestContextBootstrapper=true}', contextCustomizers = set[org.springframework.boot.test.autoconfigure.actuate.metrics.MetricsExportContextCustomizerFactory$DisableMetricExportContextCustomizer@7fb95505, org.springframework.boot.test.autoconfigure.properties.PropertyMappingContextCustomizer@ea400cb, org.springframework.boot.test.autoconfigure.web.servlet.WebDriverContextCustomizerFactory$Customizer@3ad2e17, [ImportsContextCustomizer@7f8ab926 key = [org.springframework.boot.test.autoconfigure.jdbc.TestDatabaseAutoConfiguration, org.springframework.boot.autoconfigure.jdbc.DataSourceAutoConfiguration]], org.springframework.boot.test.context.filter.ExcludeFilterContextCustomizer@535779e4, org.springframework.boot.test.json.DuplicateJsonObjectContextCustomizerFactory$DuplicateJsonObjectContextCustomizer@4ce1d6d0, org.springframework.boot.test.mock.mockito.MockitoContextCustomizer@0, org.springframework.boot.test.web.client.TestRestTemplateContextCustomizer@40238dd0, org.springframework.boot.test.context.SpringBootTestArgs@1, org.springframework.boot.test.context.SpringBootTestWebEnvironment@10959ece], resourceBasePath = 'src/main/webapp', contextLoader = 'org.springframework.boot.test.context.SpringBootContextLoader', parent = [null]], attributes = map['org.springframework.test.context.web.ServletTestExecutionListener.activateListener' -> true, 'org.springframework.test.context.web.ServletTestExecutionListener.populatedRequestContextHolder' -> true, 'org.springframework.test.context.web.ServletTestExecutionListener.resetRequestContextHolder' -> true, 'org.springframework.test.context.event.ApplicationEventsTestExecutionListener.recordApplicationEvents' -> false]]
]]></system-out>
  <system-err><![CDATA[]]></system-err>
</testsuite>
