<?xml version="1.0" encoding="UTF-8"?>
<testsuite name="com.test.task.article.CreateArticleTest" tests="1" skipped="0" failures="0" errors="0" timestamp="2022-01-09T12:15:49" hostname="Mac-mini-Daniil.local" time="16.08">
  <properties/>
  <testcase name="test()" classname="com.test.task.article.CreateArticleTest" time="16.08"/>
  <system-out><![CDATA[2022-01-09 15:15:49.142  INFO 51032 --- [    Test worker] .b.t.c.SpringBootTestContextBootstrapper : Neither @ContextConfiguration nor @ContextHierarchy found for test class [com.test.task.article.CreateArticleTest], using SpringBootContextLoader
2022-01-09 15:15:49.147  INFO 51032 --- [    Test worker] o.s.t.c.support.AbstractContextLoader    : Could not detect default resource locations for test class [com.test.task.article.CreateArticleTest]: no resource found for suffixes {-context.xml, Context.groovy}.
2022-01-09 15:15:49.149  INFO 51032 --- [    Test worker] t.c.s.AnnotationConfigContextLoaderUtils : Could not detect default configuration classes for test class [com.test.task.article.CreateArticleTest]: CreateArticleTest does not declare any static, non-private, non-final, nested classes annotated with @Configuration.
2022-01-09 15:15:49.171  INFO 51032 --- [    Test worker] .b.t.c.SpringBootTestContextBootstrapper : Found @SpringBootConfiguration com.test.task.TaskApplication for test class com.test.task.article.CreateArticleTest
2022-01-09 15:15:49.174  INFO 51032 --- [    Test worker] .b.t.c.SpringBootTestContextBootstrapper : Loaded default TestExecutionListener class names from location [META-INF/spring.factories]: [org.springframework.security.test.context.support.WithSecurityContextTestExecutionListener, org.springframework.security.test.context.support.ReactorContextTestExecutionListener, org.springframework.boot.test.autoconfigure.restdocs.RestDocsTestExecutionListener, org.springframework.boot.test.autoconfigure.web.client.MockRestServiceServerResetTestExecutionListener, org.springframework.boot.test.autoconfigure.web.servlet.MockMvcPrintOnlyOnFailureTestExecutionListener, org.springframework.boot.test.autoconfigure.web.servlet.WebDriverTestExecutionListener, org.springframework.boot.test.autoconfigure.webservices.client.MockWebServiceServerTestExecutionListener, org.springframework.boot.test.mock.mockito.MockitoTestExecutionListener, org.springframework.boot.test.mock.mockito.ResetMocksTestExecutionListener, org.springframework.test.context.web.ServletTestExecutionListener, org.springframework.test.context.support.DirtiesContextBeforeModesTestExecutionListener, org.springframework.test.context.event.ApplicationEventsTestExecutionListener, org.springframework.test.context.support.DependencyInjectionTestExecutionListener, org.springframework.test.context.support.DirtiesContextTestExecutionListener, org.springframework.test.context.transaction.TransactionalTestExecutionListener, org.springframework.test.context.jdbc.SqlScriptsTestExecutionListener, org.springframework.test.context.event.EventPublishingTestExecutionListener]
2022-01-09 15:15:49.180  INFO 51032 --- [    Test worker] .b.t.c.SpringBootTestContextBootstrapper : Using TestExecutionListeners: [org.springframework.test.context.web.ServletTestExecutionListener@7f2c36de, org.springframework.test.context.support.DirtiesContextBeforeModesTestExecutionListener@61a369cf, org.springframework.test.context.event.ApplicationEventsTestExecutionListener@2ce7ec5f, org.springframework.boot.test.mock.mockito.MockitoTestExecutionListener@65bc50c9, org.springframework.boot.test.autoconfigure.SpringBootDependencyInjectionTestExecutionListener@7b381066, org.springframework.test.context.support.DirtiesContextTestExecutionListener@12ff3df, org.springframework.test.context.transaction.TransactionalTestExecutionListener@12b962b1, org.springframework.test.context.jdbc.SqlScriptsTestExecutionListener@15844237, org.springframework.security.test.context.support.WithSecurityContextTestExecutionListener@2e04dbc1, org.springframework.test.context.event.EventPublishingTestExecutionListener@50cb64d5, org.springframework.security.test.context.support.ReactorContextTestExecutionListener@9be2897, org.springframework.boot.test.autoconfigure.restdocs.RestDocsTestExecutionListener@3e1c566d, org.springframework.boot.test.autoconfigure.web.client.MockRestServiceServerResetTestExecutionListener@36ce48bc, org.springframework.boot.test.autoconfigure.web.servlet.MockMvcPrintOnlyOnFailureTestExecutionListener@3d287f7c, org.springframework.boot.test.autoconfigure.web.servlet.WebDriverTestExecutionListener@45aa02de, org.springframework.boot.test.autoconfigure.webservices.client.MockWebServiceServerTestExecutionListener@19598b38, org.springframework.boot.test.mock.mockito.ResetMocksTestExecutionListener@5d16bb07]
2022-01-09 15:15:49.205  INFO 51032 --- [    Test worker] j.LocalContainerEntityManagerFactoryBean : Closing JPA EntityManagerFactory for persistence unit 'default'
2022-01-09 15:15:49.217  INFO 51032 --- [    Test worker] com.zaxxer.hikari.HikariDataSource       : HikariPool-2 - Shutdown initiated...
2022-01-09 15:15:49.220  INFO 51032 --- [    Test worker] com.zaxxer.hikari.HikariDataSource       : HikariPool-2 - Shutdown completed.

  .   ____          _            __ _ _
 /\\ / ___'_ __ _ _(_)_ __  __ _ \ \ \ \
( ( )\___ | '_ | '_| | '_ \/ _` | \ \ \ \
 \\/  ___)| |_)| | | | | || (_| |  ) ) ) )
  '  |____| .__|_| |_|_| |_\__, | / / / /
 =========|_|==============|___/=/_/_/_/
 :: Spring Boot ::                (v2.6.2)

2022-01-09 15:15:54.437  INFO 51032 --- [    Test worker] com.test.task.article.CreateArticleTest  : Starting CreateArticleTest using Java 17.0.1 on Mac-mini-Daniil.local with PID 51032 (started by daniil in /Users/daniil/Documents/Projects/Task)
2022-01-09 15:15:54.448  INFO 51032 --- [    Test worker] com.test.task.article.CreateArticleTest  : No active profile set, falling back to default profiles: default
2022-01-09 15:15:55.385  INFO 51032 --- [    Test worker] .s.d.r.c.RepositoryConfigurationDelegate : Bootstrapping Spring Data JPA repositories in DEFAULT mode.
2022-01-09 15:15:55.457  INFO 51032 --- [    Test worker] .s.d.r.c.RepositoryConfigurationDelegate : Finished Spring Data repository scanning in 71 ms. Found 2 JPA repository interfaces.
2022-01-09 15:15:56.826  INFO 51032 --- [    Test worker] com.zaxxer.hikari.HikariDataSource       : HikariPool-3 - Starting...
2022-01-09 15:15:56.870  INFO 51032 --- [    Test worker] com.zaxxer.hikari.HikariDataSource       : HikariPool-3 - Start completed.
2022-01-09 15:15:56.924  INFO 51032 --- [    Test worker] o.hibernate.jpa.internal.util.LogHelper  : HHH000204: Processing PersistenceUnitInfo [name: default]
2022-01-09 15:15:57.008  INFO 51032 --- [    Test worker] org.hibernate.dialect.Dialect            : HHH000400: Using dialect: org.hibernate.dialect.PostgreSQL10Dialect
2022-01-09 15:15:57.834  INFO 51032 --- [    Test worker] o.h.e.t.j.p.i.JtaPlatformInitiator       : HHH000490: Using JtaPlatform implementation: [org.hibernate.engine.transaction.jta.platform.internal.NoJtaPlatform]
2022-01-09 15:15:57.835  INFO 51032 --- [    Test worker] j.LocalContainerEntityManagerFactoryBean : Initialized JPA EntityManagerFactory for persistence unit 'default'
2022-01-09 15:15:58.603  WARN 51032 --- [    Test worker] JpaBaseConfiguration$JpaWebConfiguration : spring.jpa.open-in-view is enabled by default. Therefore, database queries may be performed during view rendering. Explicitly configure spring.jpa.open-in-view to disable this warning
2022-01-09 15:15:59.754  INFO 51032 --- [    Test worker] o.s.s.web.DefaultSecurityFilterChain     : Will secure any request with [org.springframework.security.web.context.request.async.WebAsyncManagerIntegrationFilter@14cf30b3, org.springframework.security.web.context.SecurityContextPersistenceFilter@37b04a2a, org.springframework.security.web.header.HeaderWriterFilter@1220969, org.springframework.security.web.authentication.logout.LogoutFilter@1e95fc31, com.test.task.configuration.JwtFilter@7ae49d52, org.springframework.security.web.savedrequest.RequestCacheAwareFilter@35825d43, org.springframework.security.web.servletapi.SecurityContextHolderAwareRequestFilter@5f84e764, org.springframework.security.web.authentication.AnonymousAuthenticationFilter@38159192, org.springframework.security.web.session.SessionManagementFilter@4d57fc11, org.springframework.security.web.access.ExceptionTranslationFilter@38769b6c, org.springframework.security.web.access.intercept.FilterSecurityInterceptor@7b6d88d1]
2022-01-09 15:16:04.386  INFO 51032 --- [    Test worker] com.test.task.article.CreateArticleTest  : Started CreateArticleTest in 15.16 seconds (JVM running for 94.602)
2022-01-09 15:16:04.555  INFO 51032 --- [    Test worker] o.s.t.c.transaction.TransactionContext   : Began transaction (1) for test context [DefaultTestContext@589dac96 testClass = CreateArticleTest, testInstance = com.test.task.article.CreateArticleTest@792bf78a, testMethod = test@CreateArticleTest, testException = [null], mergedContextConfiguration = [WebMergedContextConfiguration@4e60925d testClass = CreateArticleTest, locations = '{}', classes = '{class com.test.task.TaskApplication}', contextInitializerClasses = '[]', activeProfiles = '{}', propertySourceLocations = '{}', propertySourceProperties = '{org.springframework.boot.test.context.SpringBootTestContextBootstrapper=true}', contextCustomizers = set[org.springframework.boot.test.autoconfigure.actuate.metrics.MetricsExportContextCustomizerFactory$DisableMetricExportContextCustomizer@7fb95505, org.springframework.boot.test.autoconfigure.properties.PropertyMappingContextCustomizer@ea400cb, org.springframework.boot.test.autoconfigure.web.servlet.WebDriverContextCustomizerFactory$Customizer@3ad2e17, [ImportsContextCustomizer@5ed4c87 key = [org.springframework.boot.test.autoconfigure.jdbc.TestDatabaseAutoConfiguration, org.springframework.boot.autoconfigure.jdbc.DataSourceAutoConfiguration]], org.springframework.boot.test.context.filter.ExcludeFilterContextCustomizer@535779e4, org.springframework.boot.test.json.DuplicateJsonObjectContextCustomizerFactory$DuplicateJsonObjectContextCustomizer@4ce1d6d0, org.springframework.boot.test.mock.mockito.MockitoContextCustomizer@0, org.springframework.boot.test.web.client.TestRestTemplateContextCustomizer@40238dd0, org.springframework.boot.test.context.SpringBootTestArgs@1, org.springframework.boot.test.context.SpringBootTestWebEnvironment@10959ece], resourceBasePath = 'src/main/webapp', contextLoader = 'org.springframework.boot.test.context.SpringBootContextLoader', parent = [null]], attributes = map['org.springframework.test.context.web.ServletTestExecutionListener.activateListener' -> true, 'org.springframework.test.context.web.ServletTestExecutionListener.populatedRequestContextHolder' -> true, 'org.springframework.test.context.web.ServletTestExecutionListener.resetRequestContextHolder' -> true, 'org.springframework.test.context.event.ApplicationEventsTestExecutionListener.recordApplicationEvents' -> false]]; transaction manager [org.springframework.orm.jpa.JpaTransactionManager@1d5e0621]; rollback [true]
2022-01-09 15:16:05.257  INFO 51032 --- [    Test worker] o.s.t.c.transaction.TransactionContext   : Rolled back transaction for test: [DefaultTestContext@589dac96 testClass = CreateArticleTest, testInstance = com.test.task.article.CreateArticleTest@792bf78a, testMethod = test@CreateArticleTest, testException = [null], mergedContextConfiguration = [WebMergedContextConfiguration@4e60925d testClass = CreateArticleTest, locations = '{}', classes = '{class com.test.task.TaskApplication}', contextInitializerClasses = '[]', activeProfiles = '{}', propertySourceLocations = '{}', propertySourceProperties = '{org.springframework.boot.test.context.SpringBootTestContextBootstrapper=true}', contextCustomizers = set[org.springframework.boot.test.autoconfigure.actuate.metrics.MetricsExportContextCustomizerFactory$DisableMetricExportContextCustomizer@7fb95505, org.springframework.boot.test.autoconfigure.properties.PropertyMappingContextCustomizer@ea400cb, org.springframework.boot.test.autoconfigure.web.servlet.WebDriverContextCustomizerFactory$Customizer@3ad2e17, [ImportsContextCustomizer@5ed4c87 key = [org.springframework.boot.test.autoconfigure.jdbc.TestDatabaseAutoConfiguration, org.springframework.boot.autoconfigure.jdbc.DataSourceAutoConfiguration]], org.springframework.boot.test.context.filter.ExcludeFilterContextCustomizer@535779e4, org.springframework.boot.test.json.DuplicateJsonObjectContextCustomizerFactory$DuplicateJsonObjectContextCustomizer@4ce1d6d0, org.springframework.boot.test.mock.mockito.MockitoContextCustomizer@0, org.springframework.boot.test.web.client.TestRestTemplateContextCustomizer@40238dd0, org.springframework.boot.test.context.SpringBootTestArgs@1, org.springframework.boot.test.context.SpringBootTestWebEnvironment@10959ece], resourceBasePath = 'src/main/webapp', contextLoader = 'org.springframework.boot.test.context.SpringBootContextLoader', parent = [null]], attributes = map['org.springframework.test.context.web.ServletTestExecutionListener.activateListener' -> true, 'org.springframework.test.context.web.ServletTestExecutionListener.populatedRequestContextHolder' -> true, 'org.springframework.test.context.web.ServletTestExecutionListener.resetRequestContextHolder' -> true, 'org.springframework.test.context.event.ApplicationEventsTestExecutionListener.recordApplicationEvents' -> false]]
]]></system-out>
  <system-err><![CDATA[]]></system-err>
</testsuite>
