<?xml version="1.0" encoding="UTF-8"?>
<testsuite name="com.test.task.user.UpdateUserTest" tests="1" skipped="0" failures="0" errors="0" timestamp="2022-01-09T12:04:30" hostname="Mac-mini-Daniil.local" time="10.714">
  <properties/>
  <testcase name="test()" classname="com.test.task.user.UpdateUserTest" time="10.714"/>
  <system-out><![CDATA[2022-01-09 15:04:30.129  INFO 50508 --- [    Test worker] .b.t.c.SpringBootTestContextBootstrapper : Neither @ContextConfiguration nor @ContextHierarchy found for test class [com.test.task.user.UpdateUserTest], using SpringBootContextLoader
2022-01-09 15:04:30.132  INFO 50508 --- [    Test worker] o.s.t.c.support.AbstractContextLoader    : Could not detect default resource locations for test class [com.test.task.user.UpdateUserTest]: no resource found for suffixes {-context.xml, Context.groovy}.
2022-01-09 15:04:30.135  INFO 50508 --- [    Test worker] t.c.s.AnnotationConfigContextLoaderUtils : Could not detect default configuration classes for test class [com.test.task.user.UpdateUserTest]: UpdateUserTest does not declare any static, non-private, non-final, nested classes annotated with @Configuration.
2022-01-09 15:04:30.147  INFO 50508 --- [    Test worker] .b.t.c.SpringBootTestContextBootstrapper : Found @SpringBootConfiguration com.test.task.TaskApplication for test class com.test.task.user.UpdateUserTest
2022-01-09 15:04:30.151  INFO 50508 --- [    Test worker] .b.t.c.SpringBootTestContextBootstrapper : Loaded default TestExecutionListener class names from location [META-INF/spring.factories]: [org.springframework.security.test.context.support.WithSecurityContextTestExecutionListener, org.springframework.security.test.context.support.ReactorContextTestExecutionListener, org.springframework.boot.test.autoconfigure.restdocs.RestDocsTestExecutionListener, org.springframework.boot.test.autoconfigure.web.client.MockRestServiceServerResetTestExecutionListener, org.springframework.boot.test.autoconfigure.web.servlet.MockMvcPrintOnlyOnFailureTestExecutionListener, org.springframework.boot.test.autoconfigure.web.servlet.WebDriverTestExecutionListener, org.springframework.boot.test.autoconfigure.webservices.client.MockWebServiceServerTestExecutionListener, org.springframework.boot.test.mock.mockito.MockitoTestExecutionListener, org.springframework.boot.test.mock.mockito.ResetMocksTestExecutionListener, org.springframework.test.context.web.ServletTestExecutionListener, org.springframework.test.context.support.DirtiesContextBeforeModesTestExecutionListener, org.springframework.test.context.event.ApplicationEventsTestExecutionListener, org.springframework.test.context.support.DependencyInjectionTestExecutionListener, org.springframework.test.context.support.DirtiesContextTestExecutionListener, org.springframework.test.context.transaction.TransactionalTestExecutionListener, org.springframework.test.context.jdbc.SqlScriptsTestExecutionListener, org.springframework.test.context.event.EventPublishingTestExecutionListener]
2022-01-09 15:04:30.158  INFO 50508 --- [    Test worker] .b.t.c.SpringBootTestContextBootstrapper : Using TestExecutionListeners: [org.springframework.test.context.web.ServletTestExecutionListener@6389e793, org.springframework.test.context.support.DirtiesContextBeforeModesTestExecutionListener@284d1c98, org.springframework.test.context.event.ApplicationEventsTestExecutionListener@4b6a7362, org.springframework.boot.test.mock.mockito.MockitoTestExecutionListener@4acca937, org.springframework.boot.test.autoconfigure.SpringBootDependencyInjectionTestExecutionListener@66557a82, org.springframework.test.context.support.DirtiesContextTestExecutionListener@26bc130c, org.springframework.test.context.transaction.TransactionalTestExecutionListener@3e5595da, org.springframework.test.context.jdbc.SqlScriptsTestExecutionListener@117f1636, org.springframework.security.test.context.support.WithSecurityContextTestExecutionListener@5cb3fff1, org.springframework.test.context.event.EventPublishingTestExecutionListener@1ad1a318, org.springframework.security.test.context.support.ReactorContextTestExecutionListener@8381edd, org.springframework.boot.test.autoconfigure.restdocs.RestDocsTestExecutionListener@611f774a, org.springframework.boot.test.autoconfigure.web.client.MockRestServiceServerResetTestExecutionListener@229050ef, org.springframework.boot.test.autoconfigure.web.servlet.MockMvcPrintOnlyOnFailureTestExecutionListener@35cefec6, org.springframework.boot.test.autoconfigure.web.servlet.WebDriverTestExecutionListener@7dc8d054, org.springframework.boot.test.autoconfigure.webservices.client.MockWebServiceServerTestExecutionListener@67775d80, org.springframework.boot.test.mock.mockito.ResetMocksTestExecutionListener@47c06ea9]
2022-01-09 15:04:30.165  INFO 50508 --- [    Test worker] j.LocalContainerEntityManagerFactoryBean : Closing JPA EntityManagerFactory for persistence unit 'default'
2022-01-09 15:04:30.166  INFO 50508 --- [    Test worker] com.zaxxer.hikari.HikariDataSource       : HikariPool-12 - Shutdown initiated...
2022-01-09 15:04:30.168  INFO 50508 --- [    Test worker] com.zaxxer.hikari.HikariDataSource       : HikariPool-12 - Shutdown completed.

  .   ____          _            __ _ _
 /\\ / ___'_ __ _ _(_)_ __  __ _ \ \ \ \
( ( )\___ | '_ | '_| | '_ \/ _` | \ \ \ \
 \\/  ___)| |_)| | | | | || (_| |  ) ) ) )
  '  |____| .__|_| |_|_| |_\__, | / / / /
 =========|_|==============|___/=/_/_/_/
 :: Spring Boot ::                (v2.6.2)

2022-01-09 15:04:35.224  INFO 50508 --- [    Test worker] com.test.task.user.UpdateUserTest        : Starting UpdateUserTest using Java 17.0.1 on Mac-mini-Daniil.local with PID 50508 (started by daniil in /Users/daniil/Documents/Projects/Task)
2022-01-09 15:04:35.225  INFO 50508 --- [    Test worker] com.test.task.user.UpdateUserTest        : No active profile set, falling back to default profiles: default
2022-01-09 15:04:36.163  INFO 50508 --- [    Test worker] .s.d.r.c.RepositoryConfigurationDelegate : Bootstrapping Spring Data JPA repositories in DEFAULT mode.
2022-01-09 15:04:36.196  INFO 50508 --- [    Test worker] .s.d.r.c.RepositoryConfigurationDelegate : Finished Spring Data repository scanning in 31 ms. Found 2 JPA repository interfaces.
2022-01-09 15:04:36.834  INFO 50508 --- [    Test worker] com.zaxxer.hikari.HikariDataSource       : HikariPool-13 - Starting...
2022-01-09 15:04:36.859  INFO 50508 --- [    Test worker] com.zaxxer.hikari.HikariDataSource       : HikariPool-13 - Start completed.
2022-01-09 15:04:36.883  INFO 50508 --- [    Test worker] o.hibernate.jpa.internal.util.LogHelper  : HHH000204: Processing PersistenceUnitInfo [name: default]
2022-01-09 15:04:36.896  INFO 50508 --- [    Test worker] org.hibernate.dialect.Dialect            : HHH000400: Using dialect: org.hibernate.dialect.PostgreSQL10Dialect
2022-01-09 15:04:37.198  INFO 50508 --- [    Test worker] o.h.e.t.j.p.i.JtaPlatformInitiator       : HHH000490: Using JtaPlatform implementation: [org.hibernate.engine.transaction.jta.platform.internal.NoJtaPlatform]
2022-01-09 15:04:37.200  INFO 50508 --- [    Test worker] j.LocalContainerEntityManagerFactoryBean : Initialized JPA EntityManagerFactory for persistence unit 'default'
2022-01-09 15:04:37.539  WARN 50508 --- [    Test worker] JpaBaseConfiguration$JpaWebConfiguration : spring.jpa.open-in-view is enabled by default. Therefore, database queries may be performed during view rendering. Explicitly configure spring.jpa.open-in-view to disable this warning
2022-01-09 15:04:37.861  INFO 50508 --- [    Test worker] o.s.s.web.DefaultSecurityFilterChain     : Will secure any request with [org.springframework.security.web.context.request.async.WebAsyncManagerIntegrationFilter@5a187cd4, org.springframework.security.web.context.SecurityContextPersistenceFilter@58cb1f78, org.springframework.security.web.header.HeaderWriterFilter@548548c2, org.springframework.security.web.authentication.logout.LogoutFilter@7b004765, com.test.task.configuration.JwtFilter@50bac431, org.springframework.security.web.savedrequest.RequestCacheAwareFilter@44e49229, org.springframework.security.web.servletapi.SecurityContextHolderAwareRequestFilter@3ad9012f, org.springframework.security.web.authentication.AnonymousAuthenticationFilter@912e308, org.springframework.security.web.session.SessionManagementFilter@5722c149, org.springframework.security.web.access.ExceptionTranslationFilter@5ed84d6d, org.springframework.security.web.access.intercept.FilterSecurityInterceptor@6e860ca5]
2022-01-09 15:04:40.151  INFO 50508 --- [    Test worker] com.test.task.user.UpdateUserTest        : Started UpdateUserTest in 9.975 seconds (JVM running for 135.602)
2022-01-09 15:04:40.167  INFO 50508 --- [    Test worker] o.s.t.c.transaction.TransactionContext   : Began transaction (1) for test context [DefaultTestContext@35154326 testClass = UpdateUserTest, testInstance = com.test.task.user.UpdateUserTest@3bd42f5b, testMethod = test@UpdateUserTest, testException = [null], mergedContextConfiguration = [WebMergedContextConfiguration@35f38f90 testClass = UpdateUserTest, locations = '{}', classes = '{class com.test.task.TaskApplication}', contextInitializerClasses = '[]', activeProfiles = '{}', propertySourceLocations = '{}', propertySourceProperties = '{org.springframework.boot.test.context.SpringBootTestContextBootstrapper=true}', contextCustomizers = set[org.springframework.boot.test.autoconfigure.actuate.metrics.MetricsExportContextCustomizerFactory$DisableMetricExportContextCustomizer@7fb95505, org.springframework.boot.test.autoconfigure.properties.PropertyMappingContextCustomizer@ea400cb, org.springframework.boot.test.autoconfigure.web.servlet.WebDriverContextCustomizerFactory$Customizer@3ad2e17, [ImportsContextCustomizer@33ccb7e7 key = [org.springframework.boot.test.autoconfigure.jdbc.TestDatabaseAutoConfiguration, org.springframework.boot.autoconfigure.jdbc.DataSourceAutoConfiguration]], org.springframework.boot.test.context.filter.ExcludeFilterContextCustomizer@535779e4, org.springframework.boot.test.json.DuplicateJsonObjectContextCustomizerFactory$DuplicateJsonObjectContextCustomizer@4ce1d6d0, org.springframework.boot.test.mock.mockito.MockitoContextCustomizer@0, org.springframework.boot.test.web.client.TestRestTemplateContextCustomizer@40238dd0, org.springframework.boot.test.context.SpringBootTestArgs@1, org.springframework.boot.test.context.SpringBootTestWebEnvironment@10959ece], resourceBasePath = 'src/main/webapp', contextLoader = 'org.springframework.boot.test.context.SpringBootContextLoader', parent = [null]], attributes = map['org.springframework.test.context.web.ServletTestExecutionListener.activateListener' -> true, 'org.springframework.test.context.web.ServletTestExecutionListener.populatedRequestContextHolder' -> true, 'org.springframework.test.context.web.ServletTestExecutionListener.resetRequestContextHolder' -> true, 'org.springframework.test.context.event.ApplicationEventsTestExecutionListener.recordApplicationEvents' -> false]]; transaction manager [org.springframework.orm.jpa.JpaTransactionManager@6ce766fa]; rollback [true]
2022-01-09 15:04:40.876  INFO 50508 --- [    Test worker] o.s.t.c.transaction.TransactionContext   : Rolled back transaction for test: [DefaultTestContext@35154326 testClass = UpdateUserTest, testInstance = com.test.task.user.UpdateUserTest@3bd42f5b, testMethod = test@UpdateUserTest, testException = [null], mergedContextConfiguration = [WebMergedContextConfiguration@35f38f90 testClass = UpdateUserTest, locations = '{}', classes = '{class com.test.task.TaskApplication}', contextInitializerClasses = '[]', activeProfiles = '{}', propertySourceLocations = '{}', propertySourceProperties = '{org.springframework.boot.test.context.SpringBootTestContextBootstrapper=true}', contextCustomizers = set[org.springframework.boot.test.autoconfigure.actuate.metrics.MetricsExportContextCustomizerFactory$DisableMetricExportContextCustomizer@7fb95505, org.springframework.boot.test.autoconfigure.properties.PropertyMappingContextCustomizer@ea400cb, org.springframework.boot.test.autoconfigure.web.servlet.WebDriverContextCustomizerFactory$Customizer@3ad2e17, [ImportsContextCustomizer@33ccb7e7 key = [org.springframework.boot.test.autoconfigure.jdbc.TestDatabaseAutoConfiguration, org.springframework.boot.autoconfigure.jdbc.DataSourceAutoConfiguration]], org.springframework.boot.test.context.filter.ExcludeFilterContextCustomizer@535779e4, org.springframework.boot.test.json.DuplicateJsonObjectContextCustomizerFactory$DuplicateJsonObjectContextCustomizer@4ce1d6d0, org.springframework.boot.test.mock.mockito.MockitoContextCustomizer@0, org.springframework.boot.test.web.client.TestRestTemplateContextCustomizer@40238dd0, org.springframework.boot.test.context.SpringBootTestArgs@1, org.springframework.boot.test.context.SpringBootTestWebEnvironment@10959ece], resourceBasePath = 'src/main/webapp', contextLoader = 'org.springframework.boot.test.context.SpringBootContextLoader', parent = [null]], attributes = map['org.springframework.test.context.web.ServletTestExecutionListener.activateListener' -> true, 'org.springframework.test.context.web.ServletTestExecutionListener.populatedRequestContextHolder' -> true, 'org.springframework.test.context.web.ServletTestExecutionListener.resetRequestContextHolder' -> true, 'org.springframework.test.context.event.ApplicationEventsTestExecutionListener.recordApplicationEvents' -> false]]
]]></system-out>
  <system-err><![CDATA[]]></system-err>
</testsuite>
