<?xml version="1.0" encoding="UTF-8"?>
<testsuite name="com.test.task.article.RemoveArticleTest" tests="1" skipped="0" failures="0" errors="0" timestamp="2022-01-09T12:03:32" hostname="Mac-mini-Daniil.local" time="9.136">
  <properties/>
  <testcase name="test()" classname="com.test.task.article.RemoveArticleTest" time="9.136"/>
  <system-out><![CDATA[2022-01-09 15:03:32.133  INFO 50508 --- [    Test worker] .b.t.c.SpringBootTestContextBootstrapper : Neither @ContextConfiguration nor @ContextHierarchy found for test class [com.test.task.article.RemoveArticleTest], using SpringBootContextLoader
2022-01-09 15:03:32.137  INFO 50508 --- [    Test worker] o.s.t.c.support.AbstractContextLoader    : Could not detect default resource locations for test class [com.test.task.article.RemoveArticleTest]: no resource found for suffixes {-context.xml, Context.groovy}.
2022-01-09 15:03:32.137  INFO 50508 --- [    Test worker] t.c.s.AnnotationConfigContextLoaderUtils : Could not detect default configuration classes for test class [com.test.task.article.RemoveArticleTest]: RemoveArticleTest does not declare any static, non-private, non-final, nested classes annotated with @Configuration.
2022-01-09 15:03:32.145  INFO 50508 --- [    Test worker] .b.t.c.SpringBootTestContextBootstrapper : Found @SpringBootConfiguration com.test.task.TaskApplication for test class com.test.task.article.RemoveArticleTest
2022-01-09 15:03:32.148  INFO 50508 --- [    Test worker] .b.t.c.SpringBootTestContextBootstrapper : Loaded default TestExecutionListener class names from location [META-INF/spring.factories]: [org.springframework.security.test.context.support.WithSecurityContextTestExecutionListener, org.springframework.security.test.context.support.ReactorContextTestExecutionListener, org.springframework.boot.test.autoconfigure.restdocs.RestDocsTestExecutionListener, org.springframework.boot.test.autoconfigure.web.client.MockRestServiceServerResetTestExecutionListener, org.springframework.boot.test.autoconfigure.web.servlet.MockMvcPrintOnlyOnFailureTestExecutionListener, org.springframework.boot.test.autoconfigure.web.servlet.WebDriverTestExecutionListener, org.springframework.boot.test.autoconfigure.webservices.client.MockWebServiceServerTestExecutionListener, org.springframework.boot.test.mock.mockito.MockitoTestExecutionListener, org.springframework.boot.test.mock.mockito.ResetMocksTestExecutionListener, org.springframework.test.context.web.ServletTestExecutionListener, org.springframework.test.context.support.DirtiesContextBeforeModesTestExecutionListener, org.springframework.test.context.event.ApplicationEventsTestExecutionListener, org.springframework.test.context.support.DependencyInjectionTestExecutionListener, org.springframework.test.context.support.DirtiesContextTestExecutionListener, org.springframework.test.context.transaction.TransactionalTestExecutionListener, org.springframework.test.context.jdbc.SqlScriptsTestExecutionListener, org.springframework.test.context.event.EventPublishingTestExecutionListener]
2022-01-09 15:03:32.151  INFO 50508 --- [    Test worker] .b.t.c.SpringBootTestContextBootstrapper : Using TestExecutionListeners: [org.springframework.test.context.web.ServletTestExecutionListener@655e3f4c, org.springframework.test.context.support.DirtiesContextBeforeModesTestExecutionListener@26e74d50, org.springframework.test.context.event.ApplicationEventsTestExecutionListener@6bdc984, org.springframework.boot.test.mock.mockito.MockitoTestExecutionListener@1f299fc3, org.springframework.boot.test.autoconfigure.SpringBootDependencyInjectionTestExecutionListener@b997735, org.springframework.test.context.support.DirtiesContextTestExecutionListener@178826db, org.springframework.test.context.transaction.TransactionalTestExecutionListener@7f913c47, org.springframework.test.context.jdbc.SqlScriptsTestExecutionListener@2c9573f1, org.springframework.security.test.context.support.WithSecurityContextTestExecutionListener@6cf58989, org.springframework.test.context.event.EventPublishingTestExecutionListener@3a1dc432, org.springframework.security.test.context.support.ReactorContextTestExecutionListener@4c18b432, org.springframework.boot.test.autoconfigure.restdocs.RestDocsTestExecutionListener@4b954cbb, org.springframework.boot.test.autoconfigure.web.client.MockRestServiceServerResetTestExecutionListener@bec2d81, org.springframework.boot.test.autoconfigure.web.servlet.MockMvcPrintOnlyOnFailureTestExecutionListener@5f04449a, org.springframework.boot.test.autoconfigure.web.servlet.WebDriverTestExecutionListener@5634c26c, org.springframework.boot.test.autoconfigure.webservices.client.MockWebServiceServerTestExecutionListener@37a5ac85, org.springframework.boot.test.mock.mockito.ResetMocksTestExecutionListener@5d4f0fd5]
2022-01-09 15:03:32.162  INFO 50508 --- [    Test worker] j.LocalContainerEntityManagerFactoryBean : Closing JPA EntityManagerFactory for persistence unit 'default'
2022-01-09 15:03:32.163  INFO 50508 --- [    Test worker] com.zaxxer.hikari.HikariDataSource       : HikariPool-5 - Shutdown initiated...
2022-01-09 15:03:32.166  INFO 50508 --- [    Test worker] com.zaxxer.hikari.HikariDataSource       : HikariPool-5 - Shutdown completed.

  .   ____          _            __ _ _
 /\\ / ___'_ __ _ _(_)_ __  __ _ \ \ \ \
( ( )\___ | '_ | '_| | '_ \/ _` | \ \ \ \
 \\/  ___)| |_)| | | | | || (_| |  ) ) ) )
  '  |____| .__|_| |_|_| |_\__, | / / / /
 =========|_|==============|___/=/_/_/_/
 :: Spring Boot ::                (v2.6.2)

2022-01-09 15:03:37.254  INFO 50508 --- [    Test worker] com.test.task.article.RemoveArticleTest  : Starting RemoveArticleTest using Java 17.0.1 on Mac-mini-Daniil.local with PID 50508 (started by daniil in /Users/daniil/Documents/Projects/Task)
2022-01-09 15:03:37.254  INFO 50508 --- [    Test worker] com.test.task.article.RemoveArticleTest  : No active profile set, falling back to default profiles: default
2022-01-09 15:03:37.761  INFO 50508 --- [    Test worker] .s.d.r.c.RepositoryConfigurationDelegate : Bootstrapping Spring Data JPA repositories in DEFAULT mode.
2022-01-09 15:03:37.795  INFO 50508 --- [    Test worker] .s.d.r.c.RepositoryConfigurationDelegate : Finished Spring Data repository scanning in 32 ms. Found 2 JPA repository interfaces.
2022-01-09 15:03:38.091  INFO 50508 --- [    Test worker] com.zaxxer.hikari.HikariDataSource       : HikariPool-6 - Starting...
2022-01-09 15:03:38.105  INFO 50508 --- [    Test worker] com.zaxxer.hikari.HikariDataSource       : HikariPool-6 - Start completed.
2022-01-09 15:03:38.124  INFO 50508 --- [    Test worker] o.hibernate.jpa.internal.util.LogHelper  : HHH000204: Processing PersistenceUnitInfo [name: default]
2022-01-09 15:03:38.134  INFO 50508 --- [    Test worker] org.hibernate.dialect.Dialect            : HHH000400: Using dialect: org.hibernate.dialect.PostgreSQL10Dialect
2022-01-09 15:03:38.335  INFO 50508 --- [    Test worker] o.h.e.t.j.p.i.JtaPlatformInitiator       : HHH000490: Using JtaPlatform implementation: [org.hibernate.engine.transaction.jta.platform.internal.NoJtaPlatform]
2022-01-09 15:03:38.343  INFO 50508 --- [    Test worker] j.LocalContainerEntityManagerFactoryBean : Initialized JPA EntityManagerFactory for persistence unit 'default'
2022-01-09 15:03:38.716  WARN 50508 --- [    Test worker] JpaBaseConfiguration$JpaWebConfiguration : spring.jpa.open-in-view is enabled by default. Therefore, database queries may be performed during view rendering. Explicitly configure spring.jpa.open-in-view to disable this warning
2022-01-09 15:03:38.983  INFO 50508 --- [    Test worker] o.s.s.web.DefaultSecurityFilterChain     : Will secure any request with [org.springframework.security.web.context.request.async.WebAsyncManagerIntegrationFilter@7ee46aaf, org.springframework.security.web.context.SecurityContextPersistenceFilter@6b16aa6f, org.springframework.security.web.header.HeaderWriterFilter@54832ad9, org.springframework.security.web.authentication.logout.LogoutFilter@2174fda1, com.test.task.configuration.JwtFilter@6ddab96c, org.springframework.security.web.savedrequest.RequestCacheAwareFilter@40406a3f, org.springframework.security.web.servletapi.SecurityContextHolderAwareRequestFilter@d58550c, org.springframework.security.web.authentication.AnonymousAuthenticationFilter@1e072d67, org.springframework.security.web.session.SessionManagementFilter@71e064b2, org.springframework.security.web.access.ExceptionTranslationFilter@6679a082, org.springframework.security.web.access.intercept.FilterSecurityInterceptor@2f42f20f]
2022-01-09 15:03:41.015  INFO 50508 --- [    Test worker] com.test.task.article.RemoveArticleTest  : Started RemoveArticleTest in 8.832 seconds (JVM running for 76.467)
2022-01-09 15:03:41.035  INFO 50508 --- [    Test worker] o.s.t.c.transaction.TransactionContext   : Began transaction (1) for test context [DefaultTestContext@5e18309e testClass = RemoveArticleTest, testInstance = com.test.task.article.RemoveArticleTest@6fbfd6ed, testMethod = test@RemoveArticleTest, testException = [null], mergedContextConfiguration = [WebMergedContextConfiguration@191a3448 testClass = RemoveArticleTest, locations = '{}', classes = '{class com.test.task.TaskApplication}', contextInitializerClasses = '[]', activeProfiles = '{}', propertySourceLocations = '{}', propertySourceProperties = '{org.springframework.boot.test.context.SpringBootTestContextBootstrapper=true}', contextCustomizers = set[org.springframework.boot.test.autoconfigure.actuate.metrics.MetricsExportContextCustomizerFactory$DisableMetricExportContextCustomizer@7fb95505, org.springframework.boot.test.autoconfigure.properties.PropertyMappingContextCustomizer@ea400cb, org.springframework.boot.test.autoconfigure.web.servlet.WebDriverContextCustomizerFactory$Customizer@3ad2e17, [ImportsContextCustomizer@3943c449 key = [org.springframework.boot.test.autoconfigure.jdbc.TestDatabaseAutoConfiguration, org.springframework.boot.autoconfigure.jdbc.DataSourceAutoConfiguration]], org.springframework.boot.test.context.filter.ExcludeFilterContextCustomizer@535779e4, org.springframework.boot.test.json.DuplicateJsonObjectContextCustomizerFactory$DuplicateJsonObjectContextCustomizer@4ce1d6d0, org.springframework.boot.test.mock.mockito.MockitoContextCustomizer@0, org.springframework.boot.test.web.client.TestRestTemplateContextCustomizer@40238dd0, org.springframework.boot.test.context.SpringBootTestArgs@1, org.springframework.boot.test.context.SpringBootTestWebEnvironment@10959ece], resourceBasePath = 'src/main/webapp', contextLoader = 'org.springframework.boot.test.context.SpringBootContextLoader', parent = [null]], attributes = map['org.springframework.test.context.web.ServletTestExecutionListener.activateListener' -> true, 'org.springframework.test.context.web.ServletTestExecutionListener.populatedRequestContextHolder' -> true, 'org.springframework.test.context.web.ServletTestExecutionListener.resetRequestContextHolder' -> true, 'org.springframework.test.context.event.ApplicationEventsTestExecutionListener.recordApplicationEvents' -> false]]; transaction manager [org.springframework.orm.jpa.JpaTransactionManager@49ffd0cb]; rollback [true]
2022-01-09 15:03:41.293  INFO 50508 --- [    Test worker] o.s.t.c.transaction.TransactionContext   : Rolled back transaction for test: [DefaultTestContext@5e18309e testClass = RemoveArticleTest, testInstance = com.test.task.article.RemoveArticleTest@6fbfd6ed, testMethod = test@RemoveArticleTest, testException = [null], mergedContextConfiguration = [WebMergedContextConfiguration@191a3448 testClass = RemoveArticleTest, locations = '{}', classes = '{class com.test.task.TaskApplication}', contextInitializerClasses = '[]', activeProfiles = '{}', propertySourceLocations = '{}', propertySourceProperties = '{org.springframework.boot.test.context.SpringBootTestContextBootstrapper=true}', contextCustomizers = set[org.springframework.boot.test.autoconfigure.actuate.metrics.MetricsExportContextCustomizerFactory$DisableMetricExportContextCustomizer@7fb95505, org.springframework.boot.test.autoconfigure.properties.PropertyMappingContextCustomizer@ea400cb, org.springframework.boot.test.autoconfigure.web.servlet.WebDriverContextCustomizerFactory$Customizer@3ad2e17, [ImportsContextCustomizer@3943c449 key = [org.springframework.boot.test.autoconfigure.jdbc.TestDatabaseAutoConfiguration, org.springframework.boot.autoconfigure.jdbc.DataSourceAutoConfiguration]], org.springframework.boot.test.context.filter.ExcludeFilterContextCustomizer@535779e4, org.springframework.boot.test.json.DuplicateJsonObjectContextCustomizerFactory$DuplicateJsonObjectContextCustomizer@4ce1d6d0, org.springframework.boot.test.mock.mockito.MockitoContextCustomizer@0, org.springframework.boot.test.web.client.TestRestTemplateContextCustomizer@40238dd0, org.springframework.boot.test.context.SpringBootTestArgs@1, org.springframework.boot.test.context.SpringBootTestWebEnvironment@10959ece], resourceBasePath = 'src/main/webapp', contextLoader = 'org.springframework.boot.test.context.SpringBootContextLoader', parent = [null]], attributes = map['org.springframework.test.context.web.ServletTestExecutionListener.activateListener' -> true, 'org.springframework.test.context.web.ServletTestExecutionListener.populatedRequestContextHolder' -> true, 'org.springframework.test.context.web.ServletTestExecutionListener.resetRequestContextHolder' -> true, 'org.springframework.test.context.event.ApplicationEventsTestExecutionListener.recordApplicationEvents' -> false]]
]]></system-out>
  <system-err><![CDATA[]]></system-err>
</testsuite>
