<?xml version="1.0" encoding="UTF-8"?>
<testsuite name="com.test.task.user.CreateUserTest" tests="1" skipped="0" failures="0" errors="0" timestamp="2022-01-09T12:04:02" hostname="Mac-mini-Daniil.local" time="9.68">
  <properties/>
  <testcase name="test()" classname="com.test.task.user.CreateUserTest" time="9.68"/>
  <system-out><![CDATA[2022-01-09 15:04:02.102  INFO 50508 --- [    Test worker] .b.t.c.SpringBootTestContextBootstrapper : Neither @ContextConfiguration nor @ContextHierarchy found for test class [com.test.task.user.CreateUserTest], using SpringBootContextLoader
2022-01-09 15:04:02.103  INFO 50508 --- [    Test worker] o.s.t.c.support.AbstractContextLoader    : Could not detect default resource locations for test class [com.test.task.user.CreateUserTest]: no resource found for suffixes {-context.xml, Context.groovy}.
2022-01-09 15:04:02.103  INFO 50508 --- [    Test worker] t.c.s.AnnotationConfigContextLoaderUtils : Could not detect default configuration classes for test class [com.test.task.user.CreateUserTest]: CreateUserTest does not declare any static, non-private, non-final, nested classes annotated with @Configuration.
2022-01-09 15:04:02.118  INFO 50508 --- [    Test worker] .b.t.c.SpringBootTestContextBootstrapper : Found @SpringBootConfiguration com.test.task.TaskApplication for test class com.test.task.user.CreateUserTest
2022-01-09 15:04:02.135  INFO 50508 --- [    Test worker] .b.t.c.SpringBootTestContextBootstrapper : Loaded default TestExecutionListener class names from location [META-INF/spring.factories]: [org.springframework.security.test.context.support.WithSecurityContextTestExecutionListener, org.springframework.security.test.context.support.ReactorContextTestExecutionListener, org.springframework.boot.test.autoconfigure.restdocs.RestDocsTestExecutionListener, org.springframework.boot.test.autoconfigure.web.client.MockRestServiceServerResetTestExecutionListener, org.springframework.boot.test.autoconfigure.web.servlet.MockMvcPrintOnlyOnFailureTestExecutionListener, org.springframework.boot.test.autoconfigure.web.servlet.WebDriverTestExecutionListener, org.springframework.boot.test.autoconfigure.webservices.client.MockWebServiceServerTestExecutionListener, org.springframework.boot.test.mock.mockito.MockitoTestExecutionListener, org.springframework.boot.test.mock.mockito.ResetMocksTestExecutionListener, org.springframework.test.context.web.ServletTestExecutionListener, org.springframework.test.context.support.DirtiesContextBeforeModesTestExecutionListener, org.springframework.test.context.event.ApplicationEventsTestExecutionListener, org.springframework.test.context.support.DependencyInjectionTestExecutionListener, org.springframework.test.context.support.DirtiesContextTestExecutionListener, org.springframework.test.context.transaction.TransactionalTestExecutionListener, org.springframework.test.context.jdbc.SqlScriptsTestExecutionListener, org.springframework.test.context.event.EventPublishingTestExecutionListener]
2022-01-09 15:04:02.159  INFO 50508 --- [    Test worker] .b.t.c.SpringBootTestContextBootstrapper : Using TestExecutionListeners: [org.springframework.test.context.web.ServletTestExecutionListener@18e0c618, org.springframework.test.context.support.DirtiesContextBeforeModesTestExecutionListener@32002a21, org.springframework.test.context.event.ApplicationEventsTestExecutionListener@b13c600, org.springframework.boot.test.mock.mockito.MockitoTestExecutionListener@7ae5231c, org.springframework.boot.test.autoconfigure.SpringBootDependencyInjectionTestExecutionListener@642bfa5e, org.springframework.test.context.support.DirtiesContextTestExecutionListener@574985d8, org.springframework.test.context.transaction.TransactionalTestExecutionListener@42ff6af7, org.springframework.test.context.jdbc.SqlScriptsTestExecutionListener@11514c77, org.springframework.security.test.context.support.WithSecurityContextTestExecutionListener@2a93ad09, org.springframework.test.context.event.EventPublishingTestExecutionListener@31ef9ac6, org.springframework.security.test.context.support.ReactorContextTestExecutionListener@87ef6de, org.springframework.boot.test.autoconfigure.restdocs.RestDocsTestExecutionListener@13572152, org.springframework.boot.test.autoconfigure.web.client.MockRestServiceServerResetTestExecutionListener@249b2dd4, org.springframework.boot.test.autoconfigure.web.servlet.MockMvcPrintOnlyOnFailureTestExecutionListener@696faa2b, org.springframework.boot.test.autoconfigure.web.servlet.WebDriverTestExecutionListener@16d869de, org.springframework.boot.test.autoconfigure.webservices.client.MockWebServiceServerTestExecutionListener@3caf87e6, org.springframework.boot.test.mock.mockito.ResetMocksTestExecutionListener@4127f82a]
2022-01-09 15:04:02.218  INFO 50508 --- [    Test worker] j.LocalContainerEntityManagerFactoryBean : Closing JPA EntityManagerFactory for persistence unit 'default'
2022-01-09 15:04:02.220  INFO 50508 --- [    Test worker] com.zaxxer.hikari.HikariDataSource       : HikariPool-8 - Shutdown initiated...
2022-01-09 15:04:02.242  INFO 50508 --- [    Test worker] com.zaxxer.hikari.HikariDataSource       : HikariPool-8 - Shutdown completed.

  .   ____          _            __ _ _
 /\\ / ___'_ __ _ _(_)_ __  __ _ \ \ \ \
( ( )\___ | '_ | '_| | '_ \/ _` | \ \ \ \
 \\/  ___)| |_)| | | | | || (_| |  ) ) ) )
  '  |____| .__|_| |_|_| |_\__, | / / / /
 =========|_|==============|___/=/_/_/_/
 :: Spring Boot ::                (v2.6.2)

2022-01-09 15:04:07.295  INFO 50508 --- [    Test worker] com.test.task.user.CreateUserTest        : Starting CreateUserTest using Java 17.0.1 on Mac-mini-Daniil.local with PID 50508 (started by daniil in /Users/daniil/Documents/Projects/Task)
2022-01-09 15:04:07.295  INFO 50508 --- [    Test worker] com.test.task.user.CreateUserTest        : No active profile set, falling back to default profiles: default
2022-01-09 15:04:07.856  INFO 50508 --- [    Test worker] .s.d.r.c.RepositoryConfigurationDelegate : Bootstrapping Spring Data JPA repositories in DEFAULT mode.
2022-01-09 15:04:07.877  INFO 50508 --- [    Test worker] .s.d.r.c.RepositoryConfigurationDelegate : Finished Spring Data repository scanning in 19 ms. Found 2 JPA repository interfaces.
2022-01-09 15:04:08.169  INFO 50508 --- [    Test worker] com.zaxxer.hikari.HikariDataSource       : HikariPool-9 - Starting...
2022-01-09 15:04:08.189  INFO 50508 --- [    Test worker] com.zaxxer.hikari.HikariDataSource       : HikariPool-9 - Start completed.
2022-01-09 15:04:08.212  INFO 50508 --- [    Test worker] o.hibernate.jpa.internal.util.LogHelper  : HHH000204: Processing PersistenceUnitInfo [name: default]
2022-01-09 15:04:08.231  INFO 50508 --- [    Test worker] org.hibernate.dialect.Dialect            : HHH000400: Using dialect: org.hibernate.dialect.PostgreSQL10Dialect
2022-01-09 15:04:08.611  INFO 50508 --- [    Test worker] o.h.e.t.j.p.i.JtaPlatformInitiator       : HHH000490: Using JtaPlatform implementation: [org.hibernate.engine.transaction.jta.platform.internal.NoJtaPlatform]
2022-01-09 15:04:08.616  INFO 50508 --- [    Test worker] j.LocalContainerEntityManagerFactoryBean : Initialized JPA EntityManagerFactory for persistence unit 'default'
2022-01-09 15:04:09.053  WARN 50508 --- [    Test worker] JpaBaseConfiguration$JpaWebConfiguration : spring.jpa.open-in-view is enabled by default. Therefore, database queries may be performed during view rendering. Explicitly configure spring.jpa.open-in-view to disable this warning
2022-01-09 15:04:09.437  INFO 50508 --- [    Test worker] o.s.s.web.DefaultSecurityFilterChain     : Will secure any request with [org.springframework.security.web.context.request.async.WebAsyncManagerIntegrationFilter@7b31281b, org.springframework.security.web.context.SecurityContextPersistenceFilter@1940cb2b, org.springframework.security.web.header.HeaderWriterFilter@4fde13d0, org.springframework.security.web.authentication.logout.LogoutFilter@63c9017b, com.test.task.configuration.JwtFilter@f5dd2de, org.springframework.security.web.savedrequest.RequestCacheAwareFilter@6c884b0d, org.springframework.security.web.servletapi.SecurityContextHolderAwareRequestFilter@53f785df, org.springframework.security.web.authentication.AnonymousAuthenticationFilter@5381acc6, org.springframework.security.web.session.SessionManagementFilter@e343477, org.springframework.security.web.access.ExceptionTranslationFilter@34c83eb0, org.springframework.security.web.access.intercept.FilterSecurityInterceptor@905e189]
2022-01-09 15:04:11.648  INFO 50508 --- [    Test worker] com.test.task.user.CreateUserTest        : Started CreateUserTest in 9.403 seconds (JVM running for 107.1)
2022-01-09 15:04:11.664  INFO 50508 --- [    Test worker] o.s.t.c.transaction.TransactionContext   : Began transaction (1) for test context [DefaultTestContext@5ad07f8a testClass = CreateUserTest, testInstance = com.test.task.user.CreateUserTest@2c03678, testMethod = test@CreateUserTest, testException = [null], mergedContextConfiguration = [WebMergedContextConfiguration@1bf6c568 testClass = CreateUserTest, locations = '{}', classes = '{class com.test.task.TaskApplication}', contextInitializerClasses = '[]', activeProfiles = '{}', propertySourceLocations = '{}', propertySourceProperties = '{org.springframework.boot.test.context.SpringBootTestContextBootstrapper=true}', contextCustomizers = set[org.springframework.boot.test.autoconfigure.actuate.metrics.MetricsExportContextCustomizerFactory$DisableMetricExportContextCustomizer@7fb95505, org.springframework.boot.test.autoconfigure.properties.PropertyMappingContextCustomizer@ea400cb, org.springframework.boot.test.autoconfigure.web.servlet.WebDriverContextCustomizerFactory$Customizer@3ad2e17, [ImportsContextCustomizer@4d2eb4c6 key = [org.springframework.boot.test.autoconfigure.jdbc.TestDatabaseAutoConfiguration, org.springframework.boot.autoconfigure.jdbc.DataSourceAutoConfiguration]], org.springframework.boot.test.context.filter.ExcludeFilterContextCustomizer@535779e4, org.springframework.boot.test.json.DuplicateJsonObjectContextCustomizerFactory$DuplicateJsonObjectContextCustomizer@4ce1d6d0, org.springframework.boot.test.mock.mockito.MockitoContextCustomizer@0, org.springframework.boot.test.web.client.TestRestTemplateContextCustomizer@40238dd0, org.springframework.boot.test.context.SpringBootTestArgs@1, org.springframework.boot.test.context.SpringBootTestWebEnvironment@10959ece], resourceBasePath = 'src/main/webapp', contextLoader = 'org.springframework.boot.test.context.SpringBootContextLoader', parent = [null]], attributes = map['org.springframework.test.context.web.ServletTestExecutionListener.activateListener' -> true, 'org.springframework.test.context.web.ServletTestExecutionListener.populatedRequestContextHolder' -> true, 'org.springframework.test.context.web.ServletTestExecutionListener.resetRequestContextHolder' -> true, 'org.springframework.test.context.event.ApplicationEventsTestExecutionListener.recordApplicationEvents' -> false]]; transaction manager [org.springframework.orm.jpa.JpaTransactionManager@3f314bad]; rollback [true]
2022-01-09 15:04:11.873  INFO 50508 --- [    Test worker] o.s.t.c.transaction.TransactionContext   : Rolled back transaction for test: [DefaultTestContext@5ad07f8a testClass = CreateUserTest, testInstance = com.test.task.user.CreateUserTest@2c03678, testMethod = test@CreateUserTest, testException = [null], mergedContextConfiguration = [WebMergedContextConfiguration@1bf6c568 testClass = CreateUserTest, locations = '{}', classes = '{class com.test.task.TaskApplication}', contextInitializerClasses = '[]', activeProfiles = '{}', propertySourceLocations = '{}', propertySourceProperties = '{org.springframework.boot.test.context.SpringBootTestContextBootstrapper=true}', contextCustomizers = set[org.springframework.boot.test.autoconfigure.actuate.metrics.MetricsExportContextCustomizerFactory$DisableMetricExportContextCustomizer@7fb95505, org.springframework.boot.test.autoconfigure.properties.PropertyMappingContextCustomizer@ea400cb, org.springframework.boot.test.autoconfigure.web.servlet.WebDriverContextCustomizerFactory$Customizer@3ad2e17, [ImportsContextCustomizer@4d2eb4c6 key = [org.springframework.boot.test.autoconfigure.jdbc.TestDatabaseAutoConfiguration, org.springframework.boot.autoconfigure.jdbc.DataSourceAutoConfiguration]], org.springframework.boot.test.context.filter.ExcludeFilterContextCustomizer@535779e4, org.springframework.boot.test.json.DuplicateJsonObjectContextCustomizerFactory$DuplicateJsonObjectContextCustomizer@4ce1d6d0, org.springframework.boot.test.mock.mockito.MockitoContextCustomizer@0, org.springframework.boot.test.web.client.TestRestTemplateContextCustomizer@40238dd0, org.springframework.boot.test.context.SpringBootTestArgs@1, org.springframework.boot.test.context.SpringBootTestWebEnvironment@10959ece], resourceBasePath = 'src/main/webapp', contextLoader = 'org.springframework.boot.test.context.SpringBootContextLoader', parent = [null]], attributes = map['org.springframework.test.context.web.ServletTestExecutionListener.activateListener' -> true, 'org.springframework.test.context.web.ServletTestExecutionListener.populatedRequestContextHolder' -> true, 'org.springframework.test.context.web.ServletTestExecutionListener.resetRequestContextHolder' -> true, 'org.springframework.test.context.event.ApplicationEventsTestExecutionListener.recordApplicationEvents' -> false]]
]]></system-out>
  <system-err><![CDATA[]]></system-err>
</testsuite>
