<?xml version="1.0" encoding="UTF-8"?>
<testsuite name="com.test.task.auth.AuthTest" tests="1" skipped="0" failures="0" errors="0" timestamp="2022-01-09T12:03:46" hostname="Mac-mini-Daniil.local" time="15.8">
  <properties/>
  <testcase name="test()" classname="com.test.task.auth.AuthTest" time="15.8"/>
  <system-out><![CDATA[2022-01-09 15:03:46.267  INFO 50508 --- [    Test worker] .b.t.c.SpringBootTestContextBootstrapper : Neither @ContextConfiguration nor @ContextHierarchy found for test class [com.test.task.auth.AuthTest], using SpringBootContextLoader
2022-01-09 15:03:46.269  INFO 50508 --- [    Test worker] o.s.t.c.support.AbstractContextLoader    : Could not detect default resource locations for test class [com.test.task.auth.AuthTest]: no resource found for suffixes {-context.xml, Context.groovy}.
2022-01-09 15:03:46.269  INFO 50508 --- [    Test worker] t.c.s.AnnotationConfigContextLoaderUtils : Could not detect default configuration classes for test class [com.test.task.auth.AuthTest]: AuthTest does not declare any static, non-private, non-final, nested classes annotated with @Configuration.
2022-01-09 15:03:46.277  INFO 50508 --- [    Test worker] .b.t.c.SpringBootTestContextBootstrapper : Found @SpringBootConfiguration com.test.task.TaskApplication for test class com.test.task.auth.AuthTest
2022-01-09 15:03:46.280  INFO 50508 --- [    Test worker] .b.t.c.SpringBootTestContextBootstrapper : Loaded default TestExecutionListener class names from location [META-INF/spring.factories]: [org.springframework.security.test.context.support.WithSecurityContextTestExecutionListener, org.springframework.security.test.context.support.ReactorContextTestExecutionListener, org.springframework.boot.test.autoconfigure.restdocs.RestDocsTestExecutionListener, org.springframework.boot.test.autoconfigure.web.client.MockRestServiceServerResetTestExecutionListener, org.springframework.boot.test.autoconfigure.web.servlet.MockMvcPrintOnlyOnFailureTestExecutionListener, org.springframework.boot.test.autoconfigure.web.servlet.WebDriverTestExecutionListener, org.springframework.boot.test.autoconfigure.webservices.client.MockWebServiceServerTestExecutionListener, org.springframework.boot.test.mock.mockito.MockitoTestExecutionListener, org.springframework.boot.test.mock.mockito.ResetMocksTestExecutionListener, org.springframework.test.context.web.ServletTestExecutionListener, org.springframework.test.context.support.DirtiesContextBeforeModesTestExecutionListener, org.springframework.test.context.event.ApplicationEventsTestExecutionListener, org.springframework.test.context.support.DependencyInjectionTestExecutionListener, org.springframework.test.context.support.DirtiesContextTestExecutionListener, org.springframework.test.context.transaction.TransactionalTestExecutionListener, org.springframework.test.context.jdbc.SqlScriptsTestExecutionListener, org.springframework.test.context.event.EventPublishingTestExecutionListener]
2022-01-09 15:03:46.282  INFO 50508 --- [    Test worker] .b.t.c.SpringBootTestContextBootstrapper : Using TestExecutionListeners: [org.springframework.test.context.web.ServletTestExecutionListener@7e1321fd, org.springframework.test.context.support.DirtiesContextBeforeModesTestExecutionListener@3af5f0da, org.springframework.test.context.event.ApplicationEventsTestExecutionListener@b92cdf9, org.springframework.boot.test.mock.mockito.MockitoTestExecutionListener@464aff63, org.springframework.boot.test.autoconfigure.SpringBootDependencyInjectionTestExecutionListener@2131229e, org.springframework.test.context.support.DirtiesContextTestExecutionListener@34577542, org.springframework.test.context.transaction.TransactionalTestExecutionListener@29b78b34, org.springframework.test.context.jdbc.SqlScriptsTestExecutionListener@3817d886, org.springframework.security.test.context.support.WithSecurityContextTestExecutionListener@109a28c8, org.springframework.test.context.event.EventPublishingTestExecutionListener@1fe8a2fc, org.springframework.security.test.context.support.ReactorContextTestExecutionListener@a93641e, org.springframework.boot.test.autoconfigure.restdocs.RestDocsTestExecutionListener@cc64e22, org.springframework.boot.test.autoconfigure.web.client.MockRestServiceServerResetTestExecutionListener@4d5bfb1a, org.springframework.boot.test.autoconfigure.web.servlet.MockMvcPrintOnlyOnFailureTestExecutionListener@17fe4f0f, org.springframework.boot.test.autoconfigure.web.servlet.WebDriverTestExecutionListener@65c6a7a, org.springframework.boot.test.autoconfigure.webservices.client.MockWebServiceServerTestExecutionListener@38d583cd, org.springframework.boot.test.mock.mockito.ResetMocksTestExecutionListener@2ac42ce6]
2022-01-09 15:03:46.298  INFO 50508 --- [    Test worker] j.LocalContainerEntityManagerFactoryBean : Closing JPA EntityManagerFactory for persistence unit 'default'
2022-01-09 15:03:46.300  INFO 50508 --- [    Test worker] com.zaxxer.hikari.HikariDataSource       : HikariPool-7 - Shutdown initiated...
2022-01-09 15:03:46.302  INFO 50508 --- [    Test worker] com.zaxxer.hikari.HikariDataSource       : HikariPool-7 - Shutdown completed.

  .   ____          _            __ _ _
 /\\ / ___'_ __ _ _(_)_ __  __ _ \ \ \ \
( ( )\___ | '_ | '_| | '_ \/ _` | \ \ \ \
 \\/  ___)| |_)| | | | | || (_| |  ) ) ) )
  '  |____| .__|_| |_|_| |_\__, | / / / /
 =========|_|==============|___/=/_/_/_/
 :: Spring Boot ::                (v2.6.2)

2022-01-09 15:03:51.368  INFO 50508 --- [    Test worker] com.test.task.auth.AuthTest              : Starting AuthTest using Java 17.0.1 on Mac-mini-Daniil.local with PID 50508 (started by daniil in /Users/daniil/Documents/Projects/Task)
2022-01-09 15:03:51.368  INFO 50508 --- [    Test worker] com.test.task.auth.AuthTest              : No active profile set, falling back to default profiles: default
2022-01-09 15:03:52.119  INFO 50508 --- [    Test worker] .s.d.r.c.RepositoryConfigurationDelegate : Bootstrapping Spring Data JPA repositories in DEFAULT mode.
2022-01-09 15:03:52.146  INFO 50508 --- [    Test worker] .s.d.r.c.RepositoryConfigurationDelegate : Finished Spring Data repository scanning in 26 ms. Found 2 JPA repository interfaces.
2022-01-09 15:03:52.531  INFO 50508 --- [    Test worker] com.zaxxer.hikari.HikariDataSource       : HikariPool-8 - Starting...
2022-01-09 15:03:52.607  INFO 50508 --- [    Test worker] com.zaxxer.hikari.HikariDataSource       : HikariPool-8 - Start completed.
2022-01-09 15:03:52.663  INFO 50508 --- [    Test worker] o.hibernate.jpa.internal.util.LogHelper  : HHH000204: Processing PersistenceUnitInfo [name: default]
2022-01-09 15:03:52.688  INFO 50508 --- [    Test worker] org.hibernate.dialect.Dialect            : HHH000400: Using dialect: org.hibernate.dialect.PostgreSQL10Dialect
2022-01-09 15:03:53.360  INFO 50508 --- [    Test worker] o.h.e.t.j.p.i.JtaPlatformInitiator       : HHH000490: Using JtaPlatform implementation: [org.hibernate.engine.transaction.jta.platform.internal.NoJtaPlatform]
2022-01-09 15:03:53.360  INFO 50508 --- [    Test worker] j.LocalContainerEntityManagerFactoryBean : Initialized JPA EntityManagerFactory for persistence unit 'default'
2022-01-09 15:03:54.346  WARN 50508 --- [    Test worker] JpaBaseConfiguration$JpaWebConfiguration : spring.jpa.open-in-view is enabled by default. Therefore, database queries may be performed during view rendering. Explicitly configure spring.jpa.open-in-view to disable this warning
2022-01-09 15:03:55.154  INFO 50508 --- [    Test worker] o.s.s.web.DefaultSecurityFilterChain     : Will secure any request with [org.springframework.security.web.context.request.async.WebAsyncManagerIntegrationFilter@340572ad, org.springframework.security.web.context.SecurityContextPersistenceFilter@6d81522b, org.springframework.security.web.header.HeaderWriterFilter@4037fcc, org.springframework.security.web.authentication.logout.LogoutFilter@7a4729e6, com.test.task.configuration.JwtFilter@1ccab629, org.springframework.security.web.savedrequest.RequestCacheAwareFilter@599e81bd, org.springframework.security.web.servletapi.SecurityContextHolderAwareRequestFilter@467c785d, org.springframework.security.web.authentication.AnonymousAuthenticationFilter@51406cdd, org.springframework.security.web.session.SessionManagementFilter@8aa77a4, org.springframework.security.web.access.ExceptionTranslationFilter@3bc1ed53, org.springframework.security.web.access.intercept.FilterSecurityInterceptor@2d86f17b]
2022-01-09 15:03:58.071  INFO 50508 --- [    Test worker] com.test.task.auth.AuthTest              : Started AuthTest in 11.763 seconds (JVM running for 93.523)
2022-01-09 15:03:58.184  INFO 50508 --- [    Test worker] o.s.t.c.transaction.TransactionContext   : Began transaction (1) for test context [DefaultTestContext@7c33d81f testClass = AuthTest, testInstance = com.test.task.auth.AuthTest@e2cf713, testMethod = test@AuthTest, testException = [null], mergedContextConfiguration = [WebMergedContextConfiguration@32fc8a41 testClass = AuthTest, locations = '{}', classes = '{class com.test.task.TaskApplication}', contextInitializerClasses = '[]', activeProfiles = '{}', propertySourceLocations = '{}', propertySourceProperties = '{org.springframework.boot.test.context.SpringBootTestContextBootstrapper=true}', contextCustomizers = set[org.springframework.boot.test.autoconfigure.actuate.metrics.MetricsExportContextCustomizerFactory$DisableMetricExportContextCustomizer@7fb95505, org.springframework.boot.test.autoconfigure.properties.PropertyMappingContextCustomizer@ea400cb, org.springframework.boot.test.autoconfigure.web.servlet.WebDriverContextCustomizerFactory$Customizer@3ad2e17, [ImportsContextCustomizer@ffad70 key = [org.springframework.boot.test.autoconfigure.jdbc.TestDatabaseAutoConfiguration, org.springframework.boot.autoconfigure.jdbc.DataSourceAutoConfiguration]], org.springframework.boot.test.context.filter.ExcludeFilterContextCustomizer@535779e4, org.springframework.boot.test.json.DuplicateJsonObjectContextCustomizerFactory$DuplicateJsonObjectContextCustomizer@4ce1d6d0, org.springframework.boot.test.mock.mockito.MockitoContextCustomizer@0, org.springframework.boot.test.web.client.TestRestTemplateContextCustomizer@40238dd0, org.springframework.boot.test.context.SpringBootTestArgs@1, org.springframework.boot.test.context.SpringBootTestWebEnvironment@10959ece], resourceBasePath = 'src/main/webapp', contextLoader = 'org.springframework.boot.test.context.SpringBootContextLoader', parent = [null]], attributes = map['org.springframework.test.context.web.ServletTestExecutionListener.activateListener' -> true, 'org.springframework.test.context.web.ServletTestExecutionListener.populatedRequestContextHolder' -> true, 'org.springframework.test.context.web.ServletTestExecutionListener.resetRequestContextHolder' -> true, 'org.springframework.test.context.event.ApplicationEventsTestExecutionListener.recordApplicationEvents' -> false]]; transaction manager [org.springframework.orm.jpa.JpaTransactionManager@69a0e285]; rollback [true]
2022-01-09 15:04:02.092  INFO 50508 --- [    Test worker] o.s.t.c.transaction.TransactionContext   : Rolled back transaction for test: [DefaultTestContext@7c33d81f testClass = AuthTest, testInstance = com.test.task.auth.AuthTest@e2cf713, testMethod = test@AuthTest, testException = [null], mergedContextConfiguration = [WebMergedContextConfiguration@32fc8a41 testClass = AuthTest, locations = '{}', classes = '{class com.test.task.TaskApplication}', contextInitializerClasses = '[]', activeProfiles = '{}', propertySourceLocations = '{}', propertySourceProperties = '{org.springframework.boot.test.context.SpringBootTestContextBootstrapper=true}', contextCustomizers = set[org.springframework.boot.test.autoconfigure.actuate.metrics.MetricsExportContextCustomizerFactory$DisableMetricExportContextCustomizer@7fb95505, org.springframework.boot.test.autoconfigure.properties.PropertyMappingContextCustomizer@ea400cb, org.springframework.boot.test.autoconfigure.web.servlet.WebDriverContextCustomizerFactory$Customizer@3ad2e17, [ImportsContextCustomizer@ffad70 key = [org.springframework.boot.test.autoconfigure.jdbc.TestDatabaseAutoConfiguration, org.springframework.boot.autoconfigure.jdbc.DataSourceAutoConfiguration]], org.springframework.boot.test.context.filter.ExcludeFilterContextCustomizer@535779e4, org.springframework.boot.test.json.DuplicateJsonObjectContextCustomizerFactory$DuplicateJsonObjectContextCustomizer@4ce1d6d0, org.springframework.boot.test.mock.mockito.MockitoContextCustomizer@0, org.springframework.boot.test.web.client.TestRestTemplateContextCustomizer@40238dd0, org.springframework.boot.test.context.SpringBootTestArgs@1, org.springframework.boot.test.context.SpringBootTestWebEnvironment@10959ece], resourceBasePath = 'src/main/webapp', contextLoader = 'org.springframework.boot.test.context.SpringBootContextLoader', parent = [null]], attributes = map['org.springframework.test.context.web.ServletTestExecutionListener.activateListener' -> true, 'org.springframework.test.context.web.ServletTestExecutionListener.populatedRequestContextHolder' -> true, 'org.springframework.test.context.web.ServletTestExecutionListener.resetRequestContextHolder' -> true, 'org.springframework.test.context.event.ApplicationEventsTestExecutionListener.recordApplicationEvents' -> false]]
]]></system-out>
  <system-err><![CDATA[]]></system-err>
</testsuite>
