<?xml version="1.0" encoding="UTF-8"?>
<testsuite name="com.test.task.article.GetArticleByIdTest" tests="1" skipped="0" failures="0" errors="0" timestamp="2022-01-09T12:03:18" hostname="Mac-mini-Daniil.local" time="9.648">
  <properties/>
  <testcase name="test()" classname="com.test.task.article.GetArticleByIdTest" time="9.648"/>
  <system-out><![CDATA[2022-01-09 15:03:18.483  INFO 50508 --- [    Test worker] .b.t.c.SpringBootTestContextBootstrapper : Neither @ContextConfiguration nor @ContextHierarchy found for test class [com.test.task.article.GetArticleByIdTest], using SpringBootContextLoader
2022-01-09 15:03:18.491  INFO 50508 --- [    Test worker] o.s.t.c.support.AbstractContextLoader    : Could not detect default resource locations for test class [com.test.task.article.GetArticleByIdTest]: no resource found for suffixes {-context.xml, Context.groovy}.
2022-01-09 15:03:18.493  INFO 50508 --- [    Test worker] t.c.s.AnnotationConfigContextLoaderUtils : Could not detect default configuration classes for test class [com.test.task.article.GetArticleByIdTest]: GetArticleByIdTest does not declare any static, non-private, non-final, nested classes annotated with @Configuration.
2022-01-09 15:03:18.502  INFO 50508 --- [    Test worker] .b.t.c.SpringBootTestContextBootstrapper : Found @SpringBootConfiguration com.test.task.TaskApplication for test class com.test.task.article.GetArticleByIdTest
2022-01-09 15:03:18.505  INFO 50508 --- [    Test worker] .b.t.c.SpringBootTestContextBootstrapper : Loaded default TestExecutionListener class names from location [META-INF/spring.factories]: [org.springframework.security.test.context.support.WithSecurityContextTestExecutionListener, org.springframework.security.test.context.support.ReactorContextTestExecutionListener, org.springframework.boot.test.autoconfigure.restdocs.RestDocsTestExecutionListener, org.springframework.boot.test.autoconfigure.web.client.MockRestServiceServerResetTestExecutionListener, org.springframework.boot.test.autoconfigure.web.servlet.MockMvcPrintOnlyOnFailureTestExecutionListener, org.springframework.boot.test.autoconfigure.web.servlet.WebDriverTestExecutionListener, org.springframework.boot.test.autoconfigure.webservices.client.MockWebServiceServerTestExecutionListener, org.springframework.boot.test.mock.mockito.MockitoTestExecutionListener, org.springframework.boot.test.mock.mockito.ResetMocksTestExecutionListener, org.springframework.test.context.web.ServletTestExecutionListener, org.springframework.test.context.support.DirtiesContextBeforeModesTestExecutionListener, org.springframework.test.context.event.ApplicationEventsTestExecutionListener, org.springframework.test.context.support.DependencyInjectionTestExecutionListener, org.springframework.test.context.support.DirtiesContextTestExecutionListener, org.springframework.test.context.transaction.TransactionalTestExecutionListener, org.springframework.test.context.jdbc.SqlScriptsTestExecutionListener, org.springframework.test.context.event.EventPublishingTestExecutionListener]
2022-01-09 15:03:18.509  INFO 50508 --- [    Test worker] .b.t.c.SpringBootTestContextBootstrapper : Using TestExecutionListeners: [org.springframework.test.context.web.ServletTestExecutionListener@19c145d2, org.springframework.test.context.support.DirtiesContextBeforeModesTestExecutionListener@77376e83, org.springframework.test.context.event.ApplicationEventsTestExecutionListener@708f4d81, org.springframework.boot.test.mock.mockito.MockitoTestExecutionListener@23cf78f9, org.springframework.boot.test.autoconfigure.SpringBootDependencyInjectionTestExecutionListener@30b35687, org.springframework.test.context.support.DirtiesContextTestExecutionListener@7c3c6564, org.springframework.test.context.transaction.TransactionalTestExecutionListener@7655dc27, org.springframework.test.context.jdbc.SqlScriptsTestExecutionListener@2e856aa4, org.springframework.security.test.context.support.WithSecurityContextTestExecutionListener@428169d, org.springframework.test.context.event.EventPublishingTestExecutionListener@1b204439, org.springframework.security.test.context.support.ReactorContextTestExecutionListener@434c179e, org.springframework.boot.test.autoconfigure.restdocs.RestDocsTestExecutionListener@46199519, org.springframework.boot.test.autoconfigure.web.client.MockRestServiceServerResetTestExecutionListener@2c1ffb9, org.springframework.boot.test.autoconfigure.web.servlet.MockMvcPrintOnlyOnFailureTestExecutionListener@1bd97254, org.springframework.boot.test.autoconfigure.web.servlet.WebDriverTestExecutionListener@388a6656, org.springframework.boot.test.autoconfigure.webservices.client.MockWebServiceServerTestExecutionListener@32b19d03, org.springframework.boot.test.mock.mockito.ResetMocksTestExecutionListener@3f8090db]
2022-01-09 15:03:18.519  INFO 50508 --- [    Test worker] j.LocalContainerEntityManagerFactoryBean : Closing JPA EntityManagerFactory for persistence unit 'default'
2022-01-09 15:03:18.545  INFO 50508 --- [    Test worker] com.zaxxer.hikari.HikariDataSource       : HikariPool-3 - Shutdown initiated...
2022-01-09 15:03:18.578  INFO 50508 --- [    Test worker] com.zaxxer.hikari.HikariDataSource       : HikariPool-3 - Shutdown completed.

  .   ____          _            __ _ _
 /\\ / ___'_ __ _ _(_)_ __  __ _ \ \ \ \
( ( )\___ | '_ | '_| | '_ \/ _` | \ \ \ \
 \\/  ___)| |_)| | | | | || (_| |  ) ) ) )
  '  |____| .__|_| |_|_| |_\__, | / / / /
 =========|_|==============|___/=/_/_/_/
 :: Spring Boot ::                (v2.6.2)

2022-01-09 15:03:23.696  INFO 50508 --- [    Test worker] c.test.task.article.GetArticleByIdTest   : Starting GetArticleByIdTest using Java 17.0.1 on Mac-mini-Daniil.local with PID 50508 (started by daniil in /Users/daniil/Documents/Projects/Task)
2022-01-09 15:03:23.696  INFO 50508 --- [    Test worker] c.test.task.article.GetArticleByIdTest   : No active profile set, falling back to default profiles: default
2022-01-09 15:03:24.474  INFO 50508 --- [    Test worker] .s.d.r.c.RepositoryConfigurationDelegate : Bootstrapping Spring Data JPA repositories in DEFAULT mode.
2022-01-09 15:03:24.520  INFO 50508 --- [    Test worker] .s.d.r.c.RepositoryConfigurationDelegate : Finished Spring Data repository scanning in 46 ms. Found 2 JPA repository interfaces.
2022-01-09 15:03:24.935  INFO 50508 --- [    Test worker] com.zaxxer.hikari.HikariDataSource       : HikariPool-4 - Starting...
2022-01-09 15:03:24.951  INFO 50508 --- [    Test worker] com.zaxxer.hikari.HikariDataSource       : HikariPool-4 - Start completed.
2022-01-09 15:03:24.984  INFO 50508 --- [    Test worker] o.hibernate.jpa.internal.util.LogHelper  : HHH000204: Processing PersistenceUnitInfo [name: default]
2022-01-09 15:03:24.992  INFO 50508 --- [    Test worker] org.hibernate.dialect.Dialect            : HHH000400: Using dialect: org.hibernate.dialect.PostgreSQL10Dialect
2022-01-09 15:03:25.219  INFO 50508 --- [    Test worker] o.h.e.t.j.p.i.JtaPlatformInitiator       : HHH000490: Using JtaPlatform implementation: [org.hibernate.engine.transaction.jta.platform.internal.NoJtaPlatform]
2022-01-09 15:03:25.220  INFO 50508 --- [    Test worker] j.LocalContainerEntityManagerFactoryBean : Initialized JPA EntityManagerFactory for persistence unit 'default'
2022-01-09 15:03:25.648  WARN 50508 --- [    Test worker] JpaBaseConfiguration$JpaWebConfiguration : spring.jpa.open-in-view is enabled by default. Therefore, database queries may be performed during view rendering. Explicitly configure spring.jpa.open-in-view to disable this warning
2022-01-09 15:03:25.947  INFO 50508 --- [    Test worker] o.s.s.web.DefaultSecurityFilterChain     : Will secure any request with [org.springframework.security.web.context.request.async.WebAsyncManagerIntegrationFilter@7ad0d002, org.springframework.security.web.context.SecurityContextPersistenceFilter@1cc9b564, org.springframework.security.web.header.HeaderWriterFilter@9a00385, org.springframework.security.web.authentication.logout.LogoutFilter@5ccf1542, com.test.task.configuration.JwtFilter@a19fe87, org.springframework.security.web.savedrequest.RequestCacheAwareFilter@2ce80c85, org.springframework.security.web.servletapi.SecurityContextHolderAwareRequestFilter@25dd9eb6, org.springframework.security.web.authentication.AnonymousAuthenticationFilter@76a5a831, org.springframework.security.web.session.SessionManagementFilter@7f4ae871, org.springframework.security.web.access.ExceptionTranslationFilter@698b2343, org.springframework.security.web.access.intercept.FilterSecurityInterceptor@3701acee]
2022-01-09 15:03:27.985  INFO 50508 --- [    Test worker] c.test.task.article.GetArticleByIdTest   : Started GetArticleByIdTest in 9.401 seconds (JVM running for 63.437)
2022-01-09 15:03:27.999  INFO 50508 --- [    Test worker] o.s.t.c.transaction.TransactionContext   : Began transaction (1) for test context [DefaultTestContext@43c73b5c testClass = GetArticleByIdTest, testInstance = com.test.task.article.GetArticleByIdTest@6b1381fc, testMethod = test@GetArticleByIdTest, testException = [null], mergedContextConfiguration = [WebMergedContextConfiguration@48b53f3d testClass = GetArticleByIdTest, locations = '{}', classes = '{class com.test.task.TaskApplication}', contextInitializerClasses = '[]', activeProfiles = '{}', propertySourceLocations = '{}', propertySourceProperties = '{org.springframework.boot.test.context.SpringBootTestContextBootstrapper=true}', contextCustomizers = set[org.springframework.boot.test.autoconfigure.actuate.metrics.MetricsExportContextCustomizerFactory$DisableMetricExportContextCustomizer@7fb95505, org.springframework.boot.test.autoconfigure.properties.PropertyMappingContextCustomizer@ea400cb, org.springframework.boot.test.autoconfigure.web.servlet.WebDriverContextCustomizerFactory$Customizer@3ad2e17, [ImportsContextCustomizer@3552eb5b key = [org.springframework.boot.test.autoconfigure.jdbc.TestDatabaseAutoConfiguration, org.springframework.boot.autoconfigure.jdbc.DataSourceAutoConfiguration]], org.springframework.boot.test.context.filter.ExcludeFilterContextCustomizer@535779e4, org.springframework.boot.test.json.DuplicateJsonObjectContextCustomizerFactory$DuplicateJsonObjectContextCustomizer@4ce1d6d0, org.springframework.boot.test.mock.mockito.MockitoContextCustomizer@0, org.springframework.boot.test.web.client.TestRestTemplateContextCustomizer@40238dd0, org.springframework.boot.test.context.SpringBootTestArgs@1, org.springframework.boot.test.context.SpringBootTestWebEnvironment@10959ece], resourceBasePath = 'src/main/webapp', contextLoader = 'org.springframework.boot.test.context.SpringBootContextLoader', parent = [null]], attributes = map['org.springframework.test.context.web.ServletTestExecutionListener.activateListener' -> true, 'org.springframework.test.context.web.ServletTestExecutionListener.populatedRequestContextHolder' -> true, 'org.springframework.test.context.web.ServletTestExecutionListener.resetRequestContextHolder' -> true, 'org.springframework.test.context.event.ApplicationEventsTestExecutionListener.recordApplicationEvents' -> false]]; transaction manager [org.springframework.orm.jpa.JpaTransactionManager@282c3aa0]; rollback [true]
2022-01-09 15:03:28.160  INFO 50508 --- [    Test worker] o.s.t.c.transaction.TransactionContext   : Rolled back transaction for test: [DefaultTestContext@43c73b5c testClass = GetArticleByIdTest, testInstance = com.test.task.article.GetArticleByIdTest@6b1381fc, testMethod = test@GetArticleByIdTest, testException = [null], mergedContextConfiguration = [WebMergedContextConfiguration@48b53f3d testClass = GetArticleByIdTest, locations = '{}', classes = '{class com.test.task.TaskApplication}', contextInitializerClasses = '[]', activeProfiles = '{}', propertySourceLocations = '{}', propertySourceProperties = '{org.springframework.boot.test.context.SpringBootTestContextBootstrapper=true}', contextCustomizers = set[org.springframework.boot.test.autoconfigure.actuate.metrics.MetricsExportContextCustomizerFactory$DisableMetricExportContextCustomizer@7fb95505, org.springframework.boot.test.autoconfigure.properties.PropertyMappingContextCustomizer@ea400cb, org.springframework.boot.test.autoconfigure.web.servlet.WebDriverContextCustomizerFactory$Customizer@3ad2e17, [ImportsContextCustomizer@3552eb5b key = [org.springframework.boot.test.autoconfigure.jdbc.TestDatabaseAutoConfiguration, org.springframework.boot.autoconfigure.jdbc.DataSourceAutoConfiguration]], org.springframework.boot.test.context.filter.ExcludeFilterContextCustomizer@535779e4, org.springframework.boot.test.json.DuplicateJsonObjectContextCustomizerFactory$DuplicateJsonObjectContextCustomizer@4ce1d6d0, org.springframework.boot.test.mock.mockito.MockitoContextCustomizer@0, org.springframework.boot.test.web.client.TestRestTemplateContextCustomizer@40238dd0, org.springframework.boot.test.context.SpringBootTestArgs@1, org.springframework.boot.test.context.SpringBootTestWebEnvironment@10959ece], resourceBasePath = 'src/main/webapp', contextLoader = 'org.springframework.boot.test.context.SpringBootContextLoader', parent = [null]], attributes = map['org.springframework.test.context.web.ServletTestExecutionListener.activateListener' -> true, 'org.springframework.test.context.web.ServletTestExecutionListener.populatedRequestContextHolder' -> true, 'org.springframework.test.context.web.ServletTestExecutionListener.resetRequestContextHolder' -> true, 'org.springframework.test.context.event.ApplicationEventsTestExecutionListener.recordApplicationEvents' -> false]]
]]></system-out>
  <system-err><![CDATA[]]></system-err>
</testsuite>
